<?xml version="1.0" encoding="UTF-8"?>
<testsuite name="co.com.certificacion.demoblaze.runners.CarritoRunner" tests="1" skipped="0" failures="0" errors="0" timestamp="2024-03-20T22:42:11" hostname="DESKTOP-2DP9C7O" time="43.184">
  <properties/>
  <testcase name="Validar que se pueda realizar la compra de un producto en especifico" classname="co.com.certificacion.demoblaze.runners.CarritoRunner" time="43.184"/>
  <system-out><![CDATA[17:42:10.741 [Test worker] INFO io.cucumber.core.plugin.SerenityReporter - Running feature from file:///D:/Users/Usuario/Documents/Accenture/AutomatizacionAccenturePrueba/src/test/resources/features/carrito.feature
17:42:11.097 [Test worker] DEBUG net.thucydides.core.guice.Injectors - Created injector for module net.thucydides.core.guice.webdriver.WebDriverModule
17:42:11.160 [Test worker] INFO  - 

-------------------------------------------------------------------------------------
     _______. _______ .______       _______ .__   __.  __  .___________.____    ____ 
    /       ||   ____||   _  \     |   ____||  \ |  | |  | |           |\   \  /   / 
   |   (----`|  |__   |  |_)  |    |  |__   |   \|  | |  | `---|  |----` \   \/   /  
    \   \    |   __|  |      /     |   __|  |  . `  | |  |     |  |       \_    _/   
.----)   |   |  |____ |  |\  \----.|  |____ |  |\   | |  |     |  |         |  |     
|_______/    |_______|| _| `._____||_______||__| \__| |__|     |__|         |__|    
                                                                                     
 News and tutorials at http://www.serenity-bdd.info                                  
 Documentation at https://wakaleo.gitbooks.io/the-serenity-book/content/             
 Join the Serenity Community on Gitter: https://gitter.im/serenity-bdd/serenity-core 
 Serenity BDD Support and Training at http://serenity-bdd.info/#/trainingandsupport  
-------------------------------------------------------------------------------------

17:42:11.166 [Test worker] DEBUG net.thucydides.core.steps.StepEventBus - Test suite started for story net.thucydides.core.model.Story@44a8d729
17:42:11.169 [Test worker] INFO  - Test Suite Started: Validar funcionalidades de DemoBlaze
17:42:11.199 [Test worker] INFO io.cucumber.core.plugin.SerenityReporter - Running feature from file:///D:/Users/Usuario/Documents/Accenture/AutomatizacionAccenturePrueba/src/test/resources/features/carrito.feature
17:42:11.206 [Test worker] DEBUG net.thucydides.core.steps.StepEventBus - Test suite started for story net.thucydides.core.model.Story@44a8d729
17:42:11.207 [Test worker] INFO  - Test Suite Started: Validar funcionalidades de DemoBlaze
17:42:11.386 [Test worker] INFO io.cucumber.core.plugin.SerenityReporter - Running feature from file:///D:/Users/Usuario/Documents/Accenture/AutomatizacionAccenturePrueba/src/test/resources/features/carrito.feature
17:42:11.427 [Test worker] INFO  - 
  _____   ___   ___   _____     ___   _____     _     ___   _____   ___   ___  
 |_   _| | __| / __| |_   _|   / __| |_   _|   /_\   | _ \ |_   _| | __| |   \ 
   | |   | _|  \__ \   | |     \__ \   | |    / _ \  |   /   | |   | _|  | |) |
   |_|   |___| |___/   |_|     |___/   |_|   /_/ \_\ |_|_\   |_|   |___| |___/ 

Validar que se pueda realizar la compra de un producto en especifico(validar-funcionalidades-de-demoblaze;validar-que-se-pueda-realizar-la-compra-de-un-producto-en-especifico)
--------------------------------------------------------------------------------
17:42:12.345 [Test worker] DEBUG net.thucydides.core.steps.StepInterceptor - STARTING STEP: RunnerStepDefinitions.queSoyUnUsuarioDeDemoBlaze - {0} opens the browser at #url
17:42:12.429 [Test worker] INFO net.serenitybdd.core.webdriver.driverproviders.DriverProvider - Not using automatically driver download
17:42:12.631 [Test worker] INFO net.serenitybdd.core.webdriver.driverproviders.ChromeDriverProvider - Starting Chrome driver instance with capabilities:
17:42:12.634 [Test worker] INFO net.serenitybdd.core.webdriver.driverproviders.ChromeDriverProvider - Capabilities {browserName: chrome, goog:chromeOptions: {args: [start-maximized, test-type, no-sandbox, lang=es, disable-popup-blocking, disable-download-notification, ignore-certificate-errors, allow-running-insecure-content, disable-translate, always-authorize-plugins, disable-extensions, remote-allow-origins=*], extensions: []}}
17:42:12.924 [Test worker] DEBUG io.netty.util.internal.logging.InternalLoggerFactory - Using SLF4J as the default logging framework
17:42:12.933 [Test worker] DEBUG io.netty.util.ResourceLeakDetector - -Dio.netty.leakDetection.level: simple
17:42:12.933 [Test worker] DEBUG io.netty.util.ResourceLeakDetector - -Dio.netty.leakDetection.targetRecords: 4
17:42:12.964 [Test worker] DEBUG io.netty.util.ResourceLeakDetectorFactory - Loaded default ResourceLeakDetector: io.netty.util.ResourceLeakDetector@797ed63a
17:42:13.030 [Test worker] DEBUG io.netty.util.internal.PlatformDependent0 - -Dio.netty.noUnsafe: false
17:42:13.031 [Test worker] DEBUG io.netty.util.internal.PlatformDependent0 - Java version: 11
17:42:13.035 [Test worker] DEBUG io.netty.util.internal.PlatformDependent0 - sun.misc.Unsafe.theUnsafe: available
17:42:13.039 [Test worker] DEBUG io.netty.util.internal.PlatformDependent0 - sun.misc.Unsafe.copyMemory: available
17:42:13.043 [Test worker] DEBUG io.netty.util.internal.PlatformDependent0 - sun.misc.Unsafe.storeFence: available
17:42:13.045 [Test worker] DEBUG io.netty.util.internal.PlatformDependent0 - java.nio.Buffer.address: available
17:42:13.048 [Test worker] DEBUG io.netty.util.internal.PlatformDependent0 - direct buffer constructor: unavailable: Reflective setAccessible(true) disabled
17:42:13.051 [Test worker] DEBUG io.netty.util.internal.PlatformDependent0 - java.nio.Bits.unaligned: available, true
17:42:13.056 [Test worker] DEBUG io.netty.util.internal.PlatformDependent0 - jdk.internal.misc.Unsafe.allocateUninitializedArray(int): unavailable: class io.netty.util.internal.PlatformDependent0$7 cannot access class jdk.internal.misc.Unsafe (in module java.base) because module java.base does not export jdk.internal.misc to unnamed module @e3b8a5e
17:42:13.063 [Test worker] DEBUG io.netty.util.internal.PlatformDependent0 - java.nio.DirectByteBuffer.<init>(long, int): unavailable
17:42:13.063 [Test worker] DEBUG io.netty.util.internal.PlatformDependent - sun.misc.Unsafe: available
17:42:13.087 [Test worker] DEBUG io.netty.util.internal.PlatformDependent - maxDirectMemory: 536870912 bytes (maybe)
17:42:13.088 [Test worker] DEBUG io.netty.util.internal.PlatformDependent - -Dio.netty.tmpdir: C:\Users\Usuario\AppData\Local\Temp (java.io.tmpdir)
17:42:13.088 [Test worker] DEBUG io.netty.util.internal.PlatformDependent - -Dio.netty.bitMode: 64 (sun.arch.data.model)
17:42:13.088 [Test worker] DEBUG io.netty.util.internal.PlatformDependent - Platform: Windows
17:42:13.090 [Test worker] DEBUG io.netty.util.internal.PlatformDependent - -Dio.netty.maxDirectMemory: -1 bytes
17:42:13.091 [Test worker] DEBUG io.netty.util.internal.PlatformDependent - -Dio.netty.uninitializedArrayAllocationThreshold: -1
17:42:13.094 [Test worker] DEBUG io.netty.util.internal.CleanerJava9 - java.nio.ByteBuffer.cleaner(): available
17:42:13.094 [Test worker] DEBUG io.netty.util.internal.PlatformDependent - -Dio.netty.noPreferDirect: false
17:42:13.114 [Test worker] DEBUG io.netty.util.internal.PlatformDependent - org.jctools-core.MpscChunkedArrayQueue: available
17:42:13.155 [Test worker] DEBUG io.netty.util.internal.InternalThreadLocalMap - -Dio.netty.threadLocalMap.stringBuilder.initialSize: 1024
17:42:13.156 [Test worker] DEBUG io.netty.util.internal.InternalThreadLocalMap - -Dio.netty.threadLocalMap.stringBuilder.maxSize: 4096
17:42:13.554 [Test worker] DEBUG io.netty.handler.ssl.JdkSslContext - Default protocols (JDK): [TLSv1.3, TLSv1.2, TLSv1.1, TLSv1] 
17:42:13.555 [Test worker] DEBUG io.netty.handler.ssl.JdkSslContext - Default cipher suites (JDK): [TLS_ECDHE_ECDSA_WITH_AES_256_GCM_SHA384, TLS_ECDHE_ECDSA_WITH_AES_128_GCM_SHA256, TLS_ECDHE_RSA_WITH_AES_128_GCM_SHA256, TLS_ECDHE_RSA_WITH_AES_256_GCM_SHA384, TLS_ECDHE_RSA_WITH_AES_128_CBC_SHA, TLS_ECDHE_RSA_WITH_AES_256_CBC_SHA, TLS_RSA_WITH_AES_128_GCM_SHA256, TLS_RSA_WITH_AES_128_CBC_SHA, TLS_RSA_WITH_AES_256_CBC_SHA, TLS_AES_128_GCM_SHA256, TLS_AES_256_GCM_SHA384]
17:42:13.608 [Test worker] DEBUG io.netty.channel.MultithreadEventLoopGroup - -Dio.netty.eventLoopThreads: 8
17:42:13.625 [Test worker] DEBUG io.netty.channel.nio.NioEventLoop - -Dio.netty.noKeySetOptimization: false
17:42:13.626 [Test worker] DEBUG io.netty.channel.nio.NioEventLoop - -Dio.netty.selectorAutoRebuildThreshold: 512
17:42:13.683 [Test worker] DEBUG io.netty.buffer.PooledByteBufAllocator - -Dio.netty.allocator.numHeapArenas: 1
17:42:13.683 [Test worker] DEBUG io.netty.buffer.PooledByteBufAllocator - -Dio.netty.allocator.numDirectArenas: 1
17:42:13.683 [Test worker] DEBUG io.netty.buffer.PooledByteBufAllocator - -Dio.netty.allocator.pageSize: 8192
17:42:13.683 [Test worker] DEBUG io.netty.buffer.PooledByteBufAllocator - -Dio.netty.allocator.maxOrder: 9
17:42:13.684 [Test worker] DEBUG io.netty.buffer.PooledByteBufAllocator - -Dio.netty.allocator.chunkSize: 4194304
17:42:13.685 [Test worker] DEBUG io.netty.buffer.PooledByteBufAllocator - -Dio.netty.allocator.smallCacheSize: 256
17:42:13.685 [Test worker] DEBUG io.netty.buffer.PooledByteBufAllocator - -Dio.netty.allocator.normalCacheSize: 64
17:42:13.685 [Test worker] DEBUG io.netty.buffer.PooledByteBufAllocator - -Dio.netty.allocator.maxCachedBufferCapacity: 32768
17:42:13.686 [Test worker] DEBUG io.netty.buffer.PooledByteBufAllocator - -Dio.netty.allocator.cacheTrimInterval: 8192
17:42:13.687 [Test worker] DEBUG io.netty.buffer.PooledByteBufAllocator - -Dio.netty.allocator.cacheTrimIntervalMillis: 600000
17:42:13.687 [Test worker] DEBUG io.netty.buffer.PooledByteBufAllocator - -Dio.netty.allocator.useCacheForAllThreads: false
17:42:13.688 [Test worker] DEBUG io.netty.buffer.PooledByteBufAllocator - -Dio.netty.allocator.maxCachedByteBuffersPerChunk: 1023
17:42:13.705 [Test worker] DEBUG io.netty.buffer.ByteBufUtil - -Dio.netty.allocator.type: pooled
17:42:13.705 [Test worker] DEBUG io.netty.buffer.ByteBufUtil - -Dio.netty.threadLocalDirectBufferSize: 0
17:42:13.705 [Test worker] DEBUG io.netty.buffer.ByteBufUtil - -Dio.netty.maxThreadLocalCharBufferSize: 16384
17:42:14.239 [Forwarding newSession on session null to remote] DEBUG io.netty.channel.DefaultChannelId - -Dio.netty.processId: 52832 (user-set)
17:42:14.241 [Forwarding newSession on session null to remote] DEBUG io.netty.channel.DefaultChannelId - -Dio.netty.machineId: 28:f0:76:ff:fe:16:65:0e (user-set)
17:42:14.376 [AsyncHttpClient-1-2] DEBUG io.netty.buffer.AbstractByteBuf - -Dio.netty.buffer.checkAccessible: true
17:42:14.376 [AsyncHttpClient-1-2] DEBUG io.netty.buffer.AbstractByteBuf - -Dio.netty.buffer.checkBounds: true
17:42:14.376 [AsyncHttpClient-1-2] DEBUG io.netty.util.ResourceLeakDetectorFactory - Loaded default ResourceLeakDetector: io.netty.util.ResourceLeakDetector@53eb1cce
17:42:14.406 [AsyncHttpClient-1-2] DEBUG org.asynchttpclient.netty.channel.NettyConnectListener - Using new Channel '[id: 0x89687221, L:/127.0.0.1:57512 - R:localhost/127.0.0.1:61324]' for 'POST' to '/session'
17:42:14.467 [AsyncHttpClient-1-2] DEBUG io.netty.util.Recycler - -Dio.netty.recycler.maxCapacityPerThread: 4096
17:42:14.470 [AsyncHttpClient-1-2] DEBUG io.netty.util.Recycler - -Dio.netty.recycler.ratio: 8
17:42:14.471 [AsyncHttpClient-1-2] DEBUG io.netty.util.Recycler - -Dio.netty.recycler.chunkSize: 32
17:42:14.471 [AsyncHttpClient-1-2] DEBUG io.netty.util.Recycler - -Dio.netty.recycler.blocking: false
17:42:15.740 [AsyncHttpClient-1-2] DEBUG io.netty.handler.codec.compression.Brotli - brotli4j not in the classpath; Brotli support will be unavailable.
17:42:15.741 [AsyncHttpClient-1-2] DEBUG org.asynchttpclient.netty.handler.HttpHandler - 

Request DefaultHttpRequest(decodeResult: success, version: HTTP/1.1)
POST /session HTTP/1.1
User-Agent: selenium/4.3.0 (java windows)
Content-Length: 1155
Content-Type: application/json; charset=utf-8
host: localhost:61324
accept: */*

Response DefaultHttpResponse(decodeResult: success, version: HTTP/1.1)
HTTP/1.1 200 OK
Content-Type: application/json; charset=utf-8
cache-control: no-cache
content-length: 881

17:42:15.758 [AsyncHttpClient-1-2] DEBUG org.asynchttpclient.netty.channel.ChannelManager - Adding key: http://localhost:61324 for channel [id: 0x89687221, L:/127.0.0.1:57512 - R:localhost/127.0.0.1:61324]
17:42:16.079 [AsyncHttpClient-1-3] DEBUG org.asynchttpclient.netty.channel.NettyConnectListener - Using new Channel '[id: 0xe499c843, L:/127.0.0.1:57522 - R:localhost/127.0.0.1:57514]' for 'GET' to '/json/version'
17:42:16.082 [AsyncHttpClient-1-3] DEBUG org.asynchttpclient.netty.handler.HttpHandler - 

Request DefaultFullHttpRequest(decodeResult: success, version: HTTP/1.1, content: EmptyByteBufBE)
GET /json/version HTTP/1.1
User-Agent: selenium/4.3.0 (java windows)
host: localhost:57514
accept: */*

Response DefaultHttpResponse(decodeResult: success, version: HTTP/1.1)
HTTP/1.1 200 OK
Content-Security-Policy: frame-ancestors 'none'
Content-Type: application/json; charset=UTF-8
content-length: 423

17:42:16.083 [AsyncHttpClient-1-3] DEBUG org.asynchttpclient.netty.channel.ChannelManager - Adding key: http://localhost:57514 for channel [id: 0xe499c843, L:/127.0.0.1:57522 - R:localhost/127.0.0.1:57514]
17:42:16.101 [Test worker] DEBUG io.netty.util.internal.ThreadLocalRandom - -Dio.netty.initialSeedUniquifier: 0xc2c30742acf80314
17:42:16.109 [AsyncHttpClient-1-4] DEBUG org.asynchttpclient.netty.channel.NettyConnectListener - Using new Channel '[id: 0x95125c76, L:/127.0.0.1:57523 - R:localhost/127.0.0.1:57514]' for 'GET' to '/devtools/browser/383d6e51-78e9-4e83-9ed2-d768b3381639'
17:42:16.112 [AsyncHttpClient-1-4] DEBUG org.asynchttpclient.netty.handler.WebSocketHandler - 

Request DefaultFullHttpRequest(decodeResult: success, version: HTTP/1.1, content: EmptyByteBufBE)
GET /devtools/browser/383d6e51-78e9-4e83-9ed2-d768b3381639 HTTP/1.1
upgrade: websocket
connection: upgrade
sec-websocket-key: JSiFAwxl0oTvB5WFhReI8A==
sec-websocket-version: 13
origin: http://localhost:57514
host: localhost:57514
accept: */*
user-agent: AHC/2.1

Response DefaultHttpResponse(decodeResult: success, version: HTTP/1.1)
HTTP/1.1 101 WebSocket Protocol Handshake
Upgrade: WebSocket
Connection: Upgrade
Sec-WebSocket-Accept: 0IKIT63i7Qh3S2BeJtnnqwAN10U=

17:42:16.835 [AsyncHttpClient-1-1] DEBUG org.asynchttpclient.netty.channel.DefaultChannelPool - Entry count for : http://localhost:57514 : 1
17:42:16.836 [AsyncHttpClient-1-1] DEBUG org.asynchttpclient.netty.channel.DefaultChannelPool - Entry count for : http://localhost:61324 : 1
17:42:17.597 [Test worker] DEBUG net.thucydides.core.reflection.ClassFinder - Could not load class .co.com.certificacion.demoblaze.questions.ValidarCompra
17:42:17.598 [Test worker] DEBUG net.thucydides.core.reflection.ClassFinder - Could not load class .co.com.certificacion.demoblaze.questions.VerificacionRegistro
17:42:17.599 [Test worker] DEBUG net.thucydides.core.reflection.ClassFinder - Could not load class .co.com.certificacion.demoblaze.runners.CarritoRunner
17:42:17.599 [Test worker] DEBUG net.thucydides.core.reflection.ClassFinder - Could not load class .co.com.certificacion.demoblaze.stepdefinitions.RunnerStepDefinitions
17:42:17.599 [Test worker] DEBUG net.thucydides.core.reflection.ClassFinder - Could not load class .co.com.certificacion.demoblaze.tasks.AbrirProducto
17:42:17.600 [Test worker] DEBUG net.thucydides.core.reflection.ClassFinder - Could not load class .co.com.certificacion.demoblaze.tasks.Comprar
17:42:17.600 [Test worker] DEBUG net.thucydides.core.reflection.ClassFinder - Could not load class .co.com.certificacion.demoblaze.tasks.IngresarUsuario
17:42:17.600 [Test worker] DEBUG net.thucydides.core.reflection.ClassFinder - Could not load class .co.com.certificacion.demoblaze.tasks.RegistrarUsuario
17:42:17.600 [Test worker] DEBUG net.thucydides.core.reflection.ClassFinder - Could not load class .co.com.certificacion.demoblaze.userinterfaces.Home
17:42:17.601 [Test worker] DEBUG net.thucydides.core.reflection.ClassFinder - Could not load class META-INF.versions.9.com.sun.istack.logging.StackHelper
17:42:17.602 [Test worker] DEBUG net.thucydides.core.reflection.ClassFinder - Could not load class META-INF.versions.9.com.sun.xml.bind.v2.runtime.reflect.opt.AccessorInjector
17:42:17.603 [Test worker] DEBUG net.thucydides.core.reflection.ClassFinder - Could not load class META-INF.versions.9.com.sun.xml.bind.v2.runtime.reflect.opt.Injector
17:42:17.604 [Test worker] DEBUG net.thucydides.core.reflection.ClassFinder - Could not load class META-INF.versions.9.com.sun.xml.bind.v2.runtime.reflect.opt.OptimizedAccessorFactory
17:42:17.605 [Test worker] DEBUG net.thucydides.core.reflection.ClassFinder - Could not load class META-INF.versions.9.com.sun.xml.bind.v2.runtime.reflect.opt.OptimizedTransducedAccessorFactory
17:42:17.606 [Test worker] DEBUG net.thucydides.core.reflection.ClassFinder - Could not load class META-INF.versions.9.io.opentelemetry.sdk.internal.CurrentJavaVersionSpecific
17:42:17.607 [Test worker] DEBUG net.thucydides.core.reflection.ClassFinder - Could not load class META-INF.versions.9.io.opentelemetry.sdk.internal.Java9VersionSpecific
17:42:17.608 [Test worker] DEBUG net.thucydides.core.reflection.ClassFinder - Could not load class META-INF.versions.9.javax.xml.bind.ModuleUtil
17:42:17.609 [Test worker] DEBUG net.thucydides.core.reflection.ClassFinder - Could not load class META-INF.versions.9.module-info
17:42:17.612 [Test worker] DEBUG net.thucydides.core.reflection.ClassFinder - Could not load class META-INF.versions.9.org.junit.platform.commons.util.ModuleUtils
17:42:17.932 [AsyncHttpClient-1-1] DEBUG org.asynchttpclient.netty.channel.DefaultChannelPool - Entry count for : http://localhost:57514 : 1
17:42:17.933 [AsyncHttpClient-1-1] DEBUG org.asynchttpclient.netty.channel.DefaultChannelPool - Entry count for : http://localhost:61324 : 1
17:42:18.442 [Test worker] DEBUG net.thucydides.core.reflection.ClassFinder - Could not load class com.google.gson.internal.
17:42:18.791 [Test worker] DEBUG net.thucydides.core.reflection.ClassFinder - Could not load class com.sun.xml.bind.v2.runtime.output.FastInfosetStreamWriterOutput
17:42:19.031 [AsyncHttpClient-1-1] DEBUG org.asynchttpclient.netty.channel.DefaultChannelPool - Entry count for : http://localhost:57514 : 1
17:42:19.033 [AsyncHttpClient-1-1] DEBUG org.asynchttpclient.netty.channel.DefaultChannelPool - Entry count for : http://localhost:61324 : 1
17:42:19.691 [Test worker] DEBUG net.thucydides.core.reflection.ClassFinder - Could not load class module-info
17:42:20.168 [AsyncHttpClient-1-1] DEBUG org.asynchttpclient.netty.channel.DefaultChannelPool - Entry count for : http://localhost:57514 : 1
17:42:20.171 [AsyncHttpClient-1-1] DEBUG org.asynchttpclient.netty.channel.DefaultChannelPool - Entry count for : http://localhost:61324 : 1
17:42:21.241 [AsyncHttpClient-1-1] DEBUG org.asynchttpclient.netty.channel.DefaultChannelPool - Entry count for : http://localhost:57514 : 1
17:42:21.241 [AsyncHttpClient-1-1] DEBUG org.asynchttpclient.netty.channel.DefaultChannelPool - Entry count for : http://localhost:61324 : 1
17:42:22.342 [AsyncHttpClient-1-1] DEBUG org.asynchttpclient.netty.channel.DefaultChannelPool - Entry count for : http://localhost:57514 : 1
17:42:22.351 [AsyncHttpClient-1-1] DEBUG org.asynchttpclient.netty.channel.DefaultChannelPool - Entry count for : http://localhost:61324 : 1
17:42:23.428 [AsyncHttpClient-1-1] DEBUG org.asynchttpclient.netty.channel.DefaultChannelPool - Entry count for : http://localhost:57514 : 1
17:42:23.428 [AsyncHttpClient-1-1] DEBUG org.asynchttpclient.netty.channel.DefaultChannelPool - Entry count for : http://localhost:61324 : 1
17:42:24.531 [AsyncHttpClient-1-1] DEBUG org.asynchttpclient.netty.channel.DefaultChannelPool - Entry count for : http://localhost:57514 : 1
17:42:24.532 [AsyncHttpClient-1-1] DEBUG org.asynchttpclient.netty.channel.DefaultChannelPool - Entry count for : http://localhost:61324 : 1
17:42:25.627 [AsyncHttpClient-1-1] DEBUG org.asynchttpclient.netty.channel.DefaultChannelPool - Entry count for : http://localhost:57514 : 1
17:42:25.628 [AsyncHttpClient-1-1] DEBUG org.asynchttpclient.netty.channel.DefaultChannelPool - Entry count for : http://localhost:61324 : 1
17:42:26.739 [AsyncHttpClient-1-1] DEBUG org.asynchttpclient.netty.channel.DefaultChannelPool - Entry count for : http://localhost:57514 : 1
17:42:26.740 [AsyncHttpClient-1-1] DEBUG org.asynchttpclient.netty.channel.DefaultChannelPool - Entry count for : http://localhost:61324 : 1
17:42:27.887 [AsyncHttpClient-1-1] DEBUG org.asynchttpclient.netty.channel.DefaultChannelPool - Entry count for : http://localhost:57514 : 1
17:42:27.900 [AsyncHttpClient-1-1] DEBUG org.asynchttpclient.netty.channel.DefaultChannelPool - Entry count for : http://localhost:61324 : 1
17:42:28.614 [Forwarding get on session 3804a52f96d2eeb36549db6fbc7fe9a6 to remote] DEBUG org.asynchttpclient.netty.request.NettyRequestSender - Using pooled Channel '[id: 0x89687221, L:/127.0.0.1:57512 - R:localhost/127.0.0.1:61324]' for 'POST' to 'http://localhost:61324/session/3804a52f96d2eeb36549db6fbc7fe9a6/url'
17:42:28.614 [Forwarding get on session 3804a52f96d2eeb36549db6fbc7fe9a6 to remote] DEBUG org.asynchttpclient.netty.request.NettyRequestSender - Using open Channel [id: 0x89687221, L:/127.0.0.1:57512 - R:localhost/127.0.0.1:61324] for POST '/session/3804a52f96d2eeb36549db6fbc7fe9a6/url'
17:42:28.936 [AsyncHttpClient-1-1] DEBUG org.asynchttpclient.netty.channel.DefaultChannelPool - Entry count for : http://localhost:57514 : 1
17:42:30.044 [AsyncHttpClient-1-1] DEBUG org.asynchttpclient.netty.channel.DefaultChannelPool - Entry count for : http://localhost:57514 : 1
17:42:30.654 [AsyncHttpClient-1-2] DEBUG org.asynchttpclient.netty.handler.HttpHandler - 

Request DefaultHttpRequest(decodeResult: success, version: HTTP/1.1)
POST /session/3804a52f96d2eeb36549db6fbc7fe9a6/url HTTP/1.1
User-Agent: selenium/4.3.0 (java windows)
Content-Length: 50
Content-Type: application/json; charset=utf-8
host: localhost:61324
accept: */*

Response DefaultHttpResponse(decodeResult: success, version: HTTP/1.1)
HTTP/1.1 200 OK
Content-Type: application/json; charset=utf-8
cache-control: no-cache
content-length: 14

17:42:30.655 [AsyncHttpClient-1-2] DEBUG org.asynchttpclient.netty.channel.ChannelManager - Adding key: http://localhost:61324 for channel [id: 0x89687221, L:/127.0.0.1:57512 - R:localhost/127.0.0.1:61324]
17:42:30.670 [Forwarding setTimeout on session 3804a52f96d2eeb36549db6fbc7fe9a6 to remote] DEBUG org.asynchttpclient.netty.request.NettyRequestSender - Using pooled Channel '[id: 0x89687221, L:/127.0.0.1:57512 - R:localhost/127.0.0.1:61324]' for 'POST' to 'http://localhost:61324/session/3804a52f96d2eeb36549db6fbc7fe9a6/timeouts'
17:42:30.670 [Forwarding setTimeout on session 3804a52f96d2eeb36549db6fbc7fe9a6 to remote] DEBUG org.asynchttpclient.netty.request.NettyRequestSender - Using open Channel [id: 0x89687221, L:/127.0.0.1:57512 - R:localhost/127.0.0.1:61324] for POST '/session/3804a52f96d2eeb36549db6fbc7fe9a6/timeouts'
17:42:30.676 [AsyncHttpClient-1-2] DEBUG org.asynchttpclient.netty.handler.HttpHandler - 

Request DefaultHttpRequest(decodeResult: success, version: HTTP/1.1)
POST /session/3804a52f96d2eeb36549db6fbc7fe9a6/timeouts HTTP/1.1
User-Agent: selenium/4.3.0 (java windows)
Content-Length: 22
Content-Type: application/json; charset=utf-8
host: localhost:61324
accept: */*

Response DefaultHttpResponse(decodeResult: success, version: HTTP/1.1)
HTTP/1.1 200 OK
Content-Type: application/json; charset=utf-8
cache-control: no-cache
content-length: 14

17:42:30.678 [AsyncHttpClient-1-2] DEBUG org.asynchttpclient.netty.channel.ChannelManager - Adding key: http://localhost:61324 for channel [id: 0x89687221, L:/127.0.0.1:57512 - R:localhost/127.0.0.1:61324]
17:42:30.724 [Forwarding getCurrentUrl on session 3804a52f96d2eeb36549db6fbc7fe9a6 to remote] DEBUG org.asynchttpclient.netty.request.NettyRequestSender - Using pooled Channel '[id: 0x89687221, L:/127.0.0.1:57512 - R:localhost/127.0.0.1:61324]' for 'GET' to 'http://localhost:61324/session/3804a52f96d2eeb36549db6fbc7fe9a6/url'
17:42:30.726 [Forwarding getCurrentUrl on session 3804a52f96d2eeb36549db6fbc7fe9a6 to remote] DEBUG org.asynchttpclient.netty.request.NettyRequestSender - Using open Channel [id: 0x89687221, L:/127.0.0.1:57512 - R:localhost/127.0.0.1:61324] for GET '/session/3804a52f96d2eeb36549db6fbc7fe9a6/url'
17:42:30.734 [AsyncHttpClient-1-2] DEBUG org.asynchttpclient.netty.handler.HttpHandler - 

Request DefaultFullHttpRequest(decodeResult: success, version: HTTP/1.1, content: EmptyByteBufBE)
GET /session/3804a52f96d2eeb36549db6fbc7fe9a6/url HTTP/1.1
User-Agent: selenium/4.3.0 (java windows)
Cache-Control: no-cache
Content-Type: application/json; charset=utf-8
host: localhost:61324
accept: */*

Response DefaultHttpResponse(decodeResult: success, version: HTTP/1.1)
HTTP/1.1 200 OK
Content-Type: application/json; charset=utf-8
cache-control: no-cache
content-length: 38

17:42:30.735 [AsyncHttpClient-1-2] DEBUG org.asynchttpclient.netty.channel.ChannelManager - Adding key: http://localhost:61324 for channel [id: 0x89687221, L:/127.0.0.1:57512 - R:localhost/127.0.0.1:61324]
17:42:30.965 [Test worker] DEBUG net.serenitybdd.core.photography.Darkroom - Opening darkroom
17:42:30.969 [Forwarding screenshot on session 3804a52f96d2eeb36549db6fbc7fe9a6 to remote] DEBUG org.asynchttpclient.netty.request.NettyRequestSender - Using pooled Channel '[id: 0x89687221, L:/127.0.0.1:57512 - R:localhost/127.0.0.1:61324]' for 'GET' to 'http://localhost:61324/session/3804a52f96d2eeb36549db6fbc7fe9a6/screenshot'
17:42:30.974 [Forwarding screenshot on session 3804a52f96d2eeb36549db6fbc7fe9a6 to remote] DEBUG org.asynchttpclient.netty.request.NettyRequestSender - Using open Channel [id: 0x89687221, L:/127.0.0.1:57512 - R:localhost/127.0.0.1:61324] for GET '/session/3804a52f96d2eeb36549db6fbc7fe9a6/screenshot'
17:42:31.013 [Darkroom Processing Line] DEBUG net.serenitybdd.core.photography.DarkroomProcessingLine - Darkroom processing line starting up
17:42:31.216 [AsyncHttpClient-1-1] DEBUG org.asynchttpclient.netty.channel.DefaultChannelPool - Entry count for : http://localhost:57514 : 1
17:42:31.271 [AsyncHttpClient-1-2] DEBUG org.asynchttpclient.netty.handler.HttpHandler - 

Request DefaultFullHttpRequest(decodeResult: success, version: HTTP/1.1, content: EmptyByteBufBE)
GET /session/3804a52f96d2eeb36549db6fbc7fe9a6/screenshot HTTP/1.1
User-Agent: selenium/4.3.0 (java windows)
Cache-Control: no-cache
Content-Type: application/json; charset=utf-8
host: localhost:61324
accept: */*

Response DefaultHttpResponse(decodeResult: success, version: HTTP/1.1)
HTTP/1.1 200 OK
Content-Type: application/json; charset=utf-8
cache-control: no-cache
content-length: 286300

17:42:31.281 [AsyncHttpClient-1-2] DEBUG org.asynchttpclient.netty.channel.ChannelManager - Adding key: http://localhost:61324 for channel [id: 0x89687221, L:/127.0.0.1:57512 - R:localhost/127.0.0.1:61324]
17:42:31.731 [Test worker] DEBUG net.serenitybdd.core.photography.Darkroom - Send negative for processing for D:\Users\Usuario\Documents\Accenture\AutomatizacionAccenturePrueba\target\site\serenity\a3ab7520f88e6fcf321acc9a3c2b6054736575ededea7da725fbf7bc8cd3e5b9.png
17:42:31.732 [Darkroom Processing Line] DEBUG net.serenitybdd.core.photography.DarkroomProcessingLine - Processing screenshot image in /var/screenshots/screenshot-13154485678987293768
17:42:31.732 [Darkroom Processing Line] DEBUG net.serenitybdd.core.photography.DarkroomProcessingLine - Saving screenshot to D:\Users\Usuario\Documents\Accenture\AutomatizacionAccenturePrueba\target\site\serenity\a3ab7520f88e6fcf321acc9a3c2b6054736575ededea7da725fbf7bc8cd3e5b9.png
17:42:31.739 [Test worker] DEBUG net.thucydides.core.steps.StepInterceptor - STEP DONE: {0} opens the browser at #url
17:42:31.874 [Forwarding screenshot on session 3804a52f96d2eeb36549db6fbc7fe9a6 to remote] DEBUG org.asynchttpclient.netty.request.NettyRequestSender - Using pooled Channel '[id: 0x89687221, L:/127.0.0.1:57512 - R:localhost/127.0.0.1:61324]' for 'GET' to 'http://localhost:61324/session/3804a52f96d2eeb36549db6fbc7fe9a6/screenshot'
17:42:31.874 [Forwarding screenshot on session 3804a52f96d2eeb36549db6fbc7fe9a6 to remote] DEBUG org.asynchttpclient.netty.request.NettyRequestSender - Using open Channel [id: 0x89687221, L:/127.0.0.1:57512 - R:localhost/127.0.0.1:61324] for GET '/session/3804a52f96d2eeb36549db6fbc7fe9a6/screenshot'
17:42:32.232 [AsyncHttpClient-1-1] DEBUG org.asynchttpclient.netty.channel.DefaultChannelPool - Entry count for : http://localhost:57514 : 1
17:42:32.374 [AsyncHttpClient-1-2] DEBUG org.asynchttpclient.netty.handler.HttpHandler - 

Request DefaultFullHttpRequest(decodeResult: success, version: HTTP/1.1, content: EmptyByteBufBE)
GET /session/3804a52f96d2eeb36549db6fbc7fe9a6/screenshot HTTP/1.1
User-Agent: selenium/4.3.0 (java windows)
Cache-Control: no-cache
Content-Type: application/json; charset=utf-8
host: localhost:61324
accept: */*

Response DefaultHttpResponse(decodeResult: success, version: HTTP/1.1)
HTTP/1.1 200 OK
Content-Type: application/json; charset=utf-8
cache-control: no-cache
content-length: 438880

17:42:32.379 [AsyncHttpClient-1-2] DEBUG org.asynchttpclient.netty.channel.ChannelManager - Adding key: http://localhost:61324 for channel [id: 0x89687221, L:/127.0.0.1:57512 - R:localhost/127.0.0.1:61324]
17:42:32.417 [Test worker] DEBUG net.serenitybdd.core.photography.Darkroom - Send negative for processing for D:\Users\Usuario\Documents\Accenture\AutomatizacionAccenturePrueba\target\site\serenity\450ad0482b1b506db596418a8930ba8a37b5a708de38e6479f6d07fa327b2180.png
17:42:32.419 [Darkroom Processing Line] DEBUG net.serenitybdd.core.photography.DarkroomProcessingLine - Processing screenshot image in /var/screenshots/screenshot-2770621048325623511
17:42:32.419 [Darkroom Processing Line] DEBUG net.serenitybdd.core.photography.DarkroomProcessingLine - Saving screenshot to D:\Users\Usuario\Documents\Accenture\AutomatizacionAccenturePrueba\target\site\serenity\450ad0482b1b506db596418a8930ba8a37b5a708de38e6479f6d07fa327b2180.png
17:42:32.516 [Forwarding screenshot on session 3804a52f96d2eeb36549db6fbc7fe9a6 to remote] DEBUG org.asynchttpclient.netty.request.NettyRequestSender - Using pooled Channel '[id: 0x89687221, L:/127.0.0.1:57512 - R:localhost/127.0.0.1:61324]' for 'GET' to 'http://localhost:61324/session/3804a52f96d2eeb36549db6fbc7fe9a6/screenshot'
17:42:32.516 [Forwarding screenshot on session 3804a52f96d2eeb36549db6fbc7fe9a6 to remote] DEBUG org.asynchttpclient.netty.request.NettyRequestSender - Using open Channel [id: 0x89687221, L:/127.0.0.1:57512 - R:localhost/127.0.0.1:61324] for GET '/session/3804a52f96d2eeb36549db6fbc7fe9a6/screenshot'
17:42:32.758 [AsyncHttpClient-1-2] DEBUG org.asynchttpclient.netty.handler.HttpHandler - 

Request DefaultFullHttpRequest(decodeResult: success, version: HTTP/1.1, content: EmptyByteBufBE)
GET /session/3804a52f96d2eeb36549db6fbc7fe9a6/screenshot HTTP/1.1
User-Agent: selenium/4.3.0 (java windows)
Cache-Control: no-cache
Content-Type: application/json; charset=utf-8
host: localhost:61324
accept: */*

Response DefaultHttpResponse(decodeResult: success, version: HTTP/1.1)
HTTP/1.1 200 OK
Content-Type: application/json; charset=utf-8
cache-control: no-cache
content-length: 438880

17:42:32.763 [AsyncHttpClient-1-2] DEBUG org.asynchttpclient.netty.channel.ChannelManager - Adding key: http://localhost:61324 for channel [id: 0x89687221, L:/127.0.0.1:57512 - R:localhost/127.0.0.1:61324]
17:42:32.789 [Test worker] DEBUG net.serenitybdd.core.photography.Darkroom - Send negative for processing for D:\Users\Usuario\Documents\Accenture\AutomatizacionAccenturePrueba\target\site\serenity\450ad0482b1b506db596418a8930ba8a37b5a708de38e6479f6d07fa327b2180.png
17:42:32.790 [Test worker] DEBUG net.thucydides.core.steps.StepInterceptor - STARTING STEP: RunnerStepDefinitions.el_usuario_ingresa_a_la_pagina_con_las_credenciales - performAs
17:42:32.995 [Test worker] DEBUG net.serenitybdd.screenplay.targets.IFrameSwitcher - default content already selected for LOG IN
17:42:33.147 [Forwarding findElements on session 3804a52f96d2eeb36549db6fbc7fe9a6 to remote] DEBUG org.asynchttpclient.netty.request.NettyRequestSender - Using pooled Channel '[id: 0x89687221, L:/127.0.0.1:57512 - R:localhost/127.0.0.1:61324]' for 'POST' to 'http://localhost:61324/session/3804a52f96d2eeb36549db6fbc7fe9a6/elements'
17:42:33.147 [Forwarding findElements on session 3804a52f96d2eeb36549db6fbc7fe9a6 to remote] DEBUG org.asynchttpclient.netty.request.NettyRequestSender - Using open Channel [id: 0x89687221, L:/127.0.0.1:57512 - R:localhost/127.0.0.1:61324] for POST '/session/3804a52f96d2eeb36549db6fbc7fe9a6/elements'
17:42:33.169 [AsyncHttpClient-1-2] DEBUG org.asynchttpclient.netty.handler.HttpHandler - 

Request DefaultHttpRequest(decodeResult: success, version: HTTP/1.1)
POST /session/3804a52f96d2eeb36549db6fbc7fe9a6/elements HTTP/1.1
User-Agent: selenium/4.3.0 (java windows)
Content-Length: 66
Content-Type: application/json; charset=utf-8
host: localhost:61324
accept: */*

Response DefaultHttpResponse(decodeResult: success, version: HTTP/1.1)
HTTP/1.1 200 OK
Content-Type: application/json; charset=utf-8
cache-control: no-cache
content-length: 128

17:42:33.170 [AsyncHttpClient-1-2] DEBUG org.asynchttpclient.netty.channel.ChannelManager - Adding key: http://localhost:61324 for channel [id: 0x89687221, L:/127.0.0.1:57512 - R:localhost/127.0.0.1:61324]
17:42:33.271 [Forwarding isElementDisplayed on session 3804a52f96d2eeb36549db6fbc7fe9a6 to remote] DEBUG org.asynchttpclient.netty.request.NettyRequestSender - Using pooled Channel '[id: 0x89687221, L:/127.0.0.1:57512 - R:localhost/127.0.0.1:61324]' for 'POST' to 'http://localhost:61324/session/3804a52f96d2eeb36549db6fbc7fe9a6/execute/sync'
17:42:33.271 [Forwarding isElementDisplayed on session 3804a52f96d2eeb36549db6fbc7fe9a6 to remote] DEBUG org.asynchttpclient.netty.request.NettyRequestSender - Using open Channel [id: 0x89687221, L:/127.0.0.1:57512 - R:localhost/127.0.0.1:61324] for POST '/session/3804a52f96d2eeb36549db6fbc7fe9a6/execute/sync'
17:42:33.294 [AsyncHttpClient-1-2] DEBUG org.asynchttpclient.netty.handler.HttpHandler - 

Request DefaultHttpRequest(decodeResult: success, version: HTTP/1.1)
POST /session/3804a52f96d2eeb36549db6fbc7fe9a6/execute/sync HTTP/1.1
User-Agent: selenium/4.3.0 (java windows)
Content-Length: 48818
Content-Type: application/json; charset=utf-8
host: localhost:61324
accept: */*

Response DefaultHttpResponse(decodeResult: success, version: HTTP/1.1)
HTTP/1.1 200 OK
Content-Type: application/json; charset=utf-8
cache-control: no-cache
content-length: 14

17:42:33.295 [AsyncHttpClient-1-2] DEBUG org.asynchttpclient.netty.channel.ChannelManager - Adding key: http://localhost:61324 for channel [id: 0x89687221, L:/127.0.0.1:57512 - R:localhost/127.0.0.1:61324]
17:42:33.313 [Forwarding isElementEnabled on session 3804a52f96d2eeb36549db6fbc7fe9a6 to remote] DEBUG org.asynchttpclient.netty.request.NettyRequestSender - Using pooled Channel '[id: 0x89687221, L:/127.0.0.1:57512 - R:localhost/127.0.0.1:61324]' for 'GET' to 'http://localhost:61324/session/3804a52f96d2eeb36549db6fbc7fe9a6/element/f.3DC5CDB77786DE21E37CA50373E739D7.d.FFA96A58F9B31CD6D173255BD209AD77.e.53/enabled'
17:42:33.313 [Forwarding isElementEnabled on session 3804a52f96d2eeb36549db6fbc7fe9a6 to remote] DEBUG org.asynchttpclient.netty.request.NettyRequestSender - Using open Channel [id: 0x89687221, L:/127.0.0.1:57512 - R:localhost/127.0.0.1:61324] for GET '/session/3804a52f96d2eeb36549db6fbc7fe9a6/element/f.3DC5CDB77786DE21E37CA50373E739D7.d.FFA96A58F9B31CD6D173255BD209AD77.e.53/enabled'
17:42:33.327 [AsyncHttpClient-1-1] DEBUG org.asynchttpclient.netty.channel.DefaultChannelPool - Entry count for : http://localhost:57514 : 1
17:42:33.327 [AsyncHttpClient-1-2] DEBUG org.asynchttpclient.netty.handler.HttpHandler - 

Request DefaultFullHttpRequest(decodeResult: success, version: HTTP/1.1, content: EmptyByteBufBE)
GET /session/3804a52f96d2eeb36549db6fbc7fe9a6/element/f.3DC5CDB77786DE21E37CA50373E739D7.d.FFA96A58F9B31CD6D173255BD209AD77.e.53/enabled HTTP/1.1
User-Agent: selenium/4.3.0 (java windows)
Cache-Control: no-cache
Content-Type: application/json; charset=utf-8
host: localhost:61324
accept: */*

Response DefaultHttpResponse(decodeResult: success, version: HTTP/1.1)
HTTP/1.1 200 OK
Content-Type: application/json; charset=utf-8
cache-control: no-cache
content-length: 14

17:42:33.328 [AsyncHttpClient-1-2] DEBUG org.asynchttpclient.netty.channel.ChannelManager - Adding key: http://localhost:61324 for channel [id: 0x89687221, L:/127.0.0.1:57512 - R:localhost/127.0.0.1:61324]
17:42:33.342 [AsyncHttpClient-1-1] DEBUG org.asynchttpclient.netty.channel.DefaultChannelPool - Entry count for : http://localhost:61324 : 1
17:42:33.399 [Forwarding screenshot on session 3804a52f96d2eeb36549db6fbc7fe9a6 to remote] DEBUG org.asynchttpclient.netty.request.NettyRequestSender - Using pooled Channel '[id: 0x89687221, L:/127.0.0.1:57512 - R:localhost/127.0.0.1:61324]' for 'GET' to 'http://localhost:61324/session/3804a52f96d2eeb36549db6fbc7fe9a6/screenshot'
17:42:33.399 [Forwarding screenshot on session 3804a52f96d2eeb36549db6fbc7fe9a6 to remote] DEBUG org.asynchttpclient.netty.request.NettyRequestSender - Using open Channel [id: 0x89687221, L:/127.0.0.1:57512 - R:localhost/127.0.0.1:61324] for GET '/session/3804a52f96d2eeb36549db6fbc7fe9a6/screenshot'
17:42:33.658 [AsyncHttpClient-1-2] DEBUG org.asynchttpclient.netty.handler.HttpHandler - 

Request DefaultFullHttpRequest(decodeResult: success, version: HTTP/1.1, content: EmptyByteBufBE)
GET /session/3804a52f96d2eeb36549db6fbc7fe9a6/screenshot HTTP/1.1
User-Agent: selenium/4.3.0 (java windows)
Cache-Control: no-cache
Content-Type: application/json; charset=utf-8
host: localhost:61324
accept: */*

Response DefaultHttpResponse(decodeResult: success, version: HTTP/1.1)
HTTP/1.1 200 OK
Content-Type: application/json; charset=utf-8
cache-control: no-cache
content-length: 438880

17:42:33.662 [AsyncHttpClient-1-2] DEBUG org.asynchttpclient.netty.channel.ChannelManager - Adding key: http://localhost:61324 for channel [id: 0x89687221, L:/127.0.0.1:57512 - R:localhost/127.0.0.1:61324]
17:42:33.677 [Test worker] DEBUG net.serenitybdd.core.photography.Darkroom - Send negative for processing for D:\Users\Usuario\Documents\Accenture\AutomatizacionAccenturePrueba\target\site\serenity\450ad0482b1b506db596418a8930ba8a37b5a708de38e6479f6d07fa327b2180.png
17:42:33.678 [Test worker] DEBUG net.thucydides.core.steps.StepInterceptor - STARTING STEP: IngresarUsuario.performAs - {0} clicks on #target
17:42:33.679 [Test worker] DEBUG net.serenitybdd.screenplay.targets.IFrameSwitcher - default content already selected for LOG IN
17:42:33.871 [Forwarding findElement on session 3804a52f96d2eeb36549db6fbc7fe9a6 to remote] DEBUG org.asynchttpclient.netty.request.NettyRequestSender - Using pooled Channel '[id: 0x89687221, L:/127.0.0.1:57512 - R:localhost/127.0.0.1:61324]' for 'POST' to 'http://localhost:61324/session/3804a52f96d2eeb36549db6fbc7fe9a6/element'
17:42:33.871 [Forwarding findElement on session 3804a52f96d2eeb36549db6fbc7fe9a6 to remote] DEBUG org.asynchttpclient.netty.request.NettyRequestSender - Using open Channel [id: 0x89687221, L:/127.0.0.1:57512 - R:localhost/127.0.0.1:61324] for POST '/session/3804a52f96d2eeb36549db6fbc7fe9a6/element'
17:42:33.888 [AsyncHttpClient-1-2] DEBUG org.asynchttpclient.netty.handler.HttpHandler - 

Request DefaultHttpRequest(decodeResult: success, version: HTTP/1.1)
POST /session/3804a52f96d2eeb36549db6fbc7fe9a6/element HTTP/1.1
User-Agent: selenium/4.3.0 (java windows)
Content-Length: 66
Content-Type: application/json; charset=utf-8
host: localhost:61324
accept: */*

Response DefaultHttpResponse(decodeResult: success, version: HTTP/1.1)
HTTP/1.1 200 OK
Content-Type: application/json; charset=utf-8
cache-control: no-cache
content-length: 126

17:42:33.889 [AsyncHttpClient-1-2] DEBUG org.asynchttpclient.netty.channel.ChannelManager - Adding key: http://localhost:61324 for channel [id: 0x89687221, L:/127.0.0.1:57512 - R:localhost/127.0.0.1:61324]
17:42:33.914 [Forwarding isElementDisplayed on session 3804a52f96d2eeb36549db6fbc7fe9a6 to remote] DEBUG org.asynchttpclient.netty.request.NettyRequestSender - Using pooled Channel '[id: 0x89687221, L:/127.0.0.1:57512 - R:localhost/127.0.0.1:61324]' for 'POST' to 'http://localhost:61324/session/3804a52f96d2eeb36549db6fbc7fe9a6/execute/sync'
17:42:33.914 [Forwarding isElementDisplayed on session 3804a52f96d2eeb36549db6fbc7fe9a6 to remote] DEBUG org.asynchttpclient.netty.request.NettyRequestSender - Using open Channel [id: 0x89687221, L:/127.0.0.1:57512 - R:localhost/127.0.0.1:61324] for POST '/session/3804a52f96d2eeb36549db6fbc7fe9a6/execute/sync'
17:42:33.933 [AsyncHttpClient-1-2] DEBUG org.asynchttpclient.netty.handler.HttpHandler - 

Request DefaultHttpRequest(decodeResult: success, version: HTTP/1.1)
POST /session/3804a52f96d2eeb36549db6fbc7fe9a6/execute/sync HTTP/1.1
User-Agent: selenium/4.3.0 (java windows)
Content-Length: 48818
Content-Type: application/json; charset=utf-8
host: localhost:61324
accept: */*

Response DefaultHttpResponse(decodeResult: success, version: HTTP/1.1)
HTTP/1.1 200 OK
Content-Type: application/json; charset=utf-8
cache-control: no-cache
content-length: 14

17:42:33.934 [AsyncHttpClient-1-2] DEBUG org.asynchttpclient.netty.channel.ChannelManager - Adding key: http://localhost:61324 for channel [id: 0x89687221, L:/127.0.0.1:57512 - R:localhost/127.0.0.1:61324]
17:42:33.977 [Forwarding findElement on session 3804a52f96d2eeb36549db6fbc7fe9a6 to remote] DEBUG org.asynchttpclient.netty.request.NettyRequestSender - Using pooled Channel '[id: 0x89687221, L:/127.0.0.1:57512 - R:localhost/127.0.0.1:61324]' for 'POST' to 'http://localhost:61324/session/3804a52f96d2eeb36549db6fbc7fe9a6/element'
17:42:33.977 [Forwarding findElement on session 3804a52f96d2eeb36549db6fbc7fe9a6 to remote] DEBUG org.asynchttpclient.netty.request.NettyRequestSender - Using open Channel [id: 0x89687221, L:/127.0.0.1:57512 - R:localhost/127.0.0.1:61324] for POST '/session/3804a52f96d2eeb36549db6fbc7fe9a6/element'
17:42:33.988 [AsyncHttpClient-1-2] DEBUG org.asynchttpclient.netty.handler.HttpHandler - 

Request DefaultHttpRequest(decodeResult: success, version: HTTP/1.1)
POST /session/3804a52f96d2eeb36549db6fbc7fe9a6/element HTTP/1.1
User-Agent: selenium/4.3.0 (java windows)
Content-Length: 66
Content-Type: application/json; charset=utf-8
host: localhost:61324
accept: */*

Response DefaultHttpResponse(decodeResult: success, version: HTTP/1.1)
HTTP/1.1 200 OK
Content-Type: application/json; charset=utf-8
cache-control: no-cache
content-length: 126

17:42:33.988 [AsyncHttpClient-1-2] DEBUG org.asynchttpclient.netty.channel.ChannelManager - Adding key: http://localhost:61324 for channel [id: 0x89687221, L:/127.0.0.1:57512 - R:localhost/127.0.0.1:61324]
17:42:33.994 [Forwarding clickElement on session 3804a52f96d2eeb36549db6fbc7fe9a6 to remote] DEBUG org.asynchttpclient.netty.request.NettyRequestSender - Using pooled Channel '[id: 0x89687221, L:/127.0.0.1:57512 - R:localhost/127.0.0.1:61324]' for 'POST' to 'http://localhost:61324/session/3804a52f96d2eeb36549db6fbc7fe9a6/element/f.3DC5CDB77786DE21E37CA50373E739D7.d.FFA96A58F9B31CD6D173255BD209AD77.e.53/click'
17:42:33.994 [Forwarding clickElement on session 3804a52f96d2eeb36549db6fbc7fe9a6 to remote] DEBUG org.asynchttpclient.netty.request.NettyRequestSender - Using open Channel [id: 0x89687221, L:/127.0.0.1:57512 - R:localhost/127.0.0.1:61324] for POST '/session/3804a52f96d2eeb36549db6fbc7fe9a6/element/f.3DC5CDB77786DE21E37CA50373E739D7.d.FFA96A58F9B31CD6D173255BD209AD77.e.53/click'
17:42:34.081 [AsyncHttpClient-1-2] DEBUG org.asynchttpclient.netty.handler.HttpHandler - 

Request DefaultHttpRequest(decodeResult: success, version: HTTP/1.1)
POST /session/3804a52f96d2eeb36549db6fbc7fe9a6/element/f.3DC5CDB77786DE21E37CA50373E739D7.d.FFA96A58F9B31CD6D173255BD209AD77.e.53/click HTTP/1.1
User-Agent: selenium/4.3.0 (java windows)
Content-Length: 88
Content-Type: application/json; charset=utf-8
host: localhost:61324
accept: */*

Response DefaultHttpResponse(decodeResult: success, version: HTTP/1.1)
HTTP/1.1 200 OK
Content-Type: application/json; charset=utf-8
cache-control: no-cache
content-length: 14

17:42:34.082 [AsyncHttpClient-1-2] DEBUG org.asynchttpclient.netty.channel.ChannelManager - Adding key: http://localhost:61324 for channel [id: 0x89687221, L:/127.0.0.1:57512 - R:localhost/127.0.0.1:61324]
17:42:34.121 [Forwarding screenshot on session 3804a52f96d2eeb36549db6fbc7fe9a6 to remote] DEBUG org.asynchttpclient.netty.request.NettyRequestSender - Using pooled Channel '[id: 0x89687221, L:/127.0.0.1:57512 - R:localhost/127.0.0.1:61324]' for 'GET' to 'http://localhost:61324/session/3804a52f96d2eeb36549db6fbc7fe9a6/screenshot'
17:42:34.121 [Forwarding screenshot on session 3804a52f96d2eeb36549db6fbc7fe9a6 to remote] DEBUG org.asynchttpclient.netty.request.NettyRequestSender - Using open Channel [id: 0x89687221, L:/127.0.0.1:57512 - R:localhost/127.0.0.1:61324] for GET '/session/3804a52f96d2eeb36549db6fbc7fe9a6/screenshot'
17:42:34.348 [AsyncHttpClient-1-2] DEBUG org.asynchttpclient.netty.handler.HttpHandler - 

Request DefaultFullHttpRequest(decodeResult: success, version: HTTP/1.1, content: EmptyByteBufBE)
GET /session/3804a52f96d2eeb36549db6fbc7fe9a6/screenshot HTTP/1.1
User-Agent: selenium/4.3.0 (java windows)
Cache-Control: no-cache
Content-Type: application/json; charset=utf-8
host: localhost:61324
accept: */*

Response DefaultHttpResponse(decodeResult: success, version: HTTP/1.1)
HTTP/1.1 200 OK
Content-Type: application/json; charset=utf-8
cache-control: no-cache
content-length: 396008

17:42:34.351 [AsyncHttpClient-1-2] DEBUG org.asynchttpclient.netty.channel.ChannelManager - Adding key: http://localhost:61324 for channel [id: 0x89687221, L:/127.0.0.1:57512 - R:localhost/127.0.0.1:61324]
17:42:34.364 [Test worker] DEBUG net.serenitybdd.core.photography.Darkroom - Send negative for processing for D:\Users\Usuario\Documents\Accenture\AutomatizacionAccenturePrueba\target\site\serenity\7a95bb7c234b612cbf8daa1265a603bbc39656656c4b8c620a33d5a67b27b625.png
17:42:34.364 [Darkroom Processing Line] DEBUG net.serenitybdd.core.photography.DarkroomProcessingLine - Processing screenshot image in /var/screenshots/screenshot-12025771309715270255
17:42:34.364 [Darkroom Processing Line] DEBUG net.serenitybdd.core.photography.DarkroomProcessingLine - Saving screenshot to D:\Users\Usuario\Documents\Accenture\AutomatizacionAccenturePrueba\target\site\serenity\7a95bb7c234b612cbf8daa1265a603bbc39656656c4b8c620a33d5a67b27b625.png
17:42:34.411 [Test worker] DEBUG net.thucydides.core.steps.StepInterceptor - STEP DONE: {0} clicks on #target
17:42:34.432 [AsyncHttpClient-1-1] DEBUG org.asynchttpclient.netty.channel.DefaultChannelPool - Entry count for : http://localhost:57514 : 1
17:42:34.433 [AsyncHttpClient-1-1] DEBUG org.asynchttpclient.netty.channel.DefaultChannelPool - Entry count for : http://localhost:61324 : 1
17:42:34.495 [Forwarding screenshot on session 3804a52f96d2eeb36549db6fbc7fe9a6 to remote] DEBUG org.asynchttpclient.netty.request.NettyRequestSender - Using pooled Channel '[id: 0x89687221, L:/127.0.0.1:57512 - R:localhost/127.0.0.1:61324]' for 'GET' to 'http://localhost:61324/session/3804a52f96d2eeb36549db6fbc7fe9a6/screenshot'
17:42:34.497 [Forwarding screenshot on session 3804a52f96d2eeb36549db6fbc7fe9a6 to remote] DEBUG org.asynchttpclient.netty.request.NettyRequestSender - Using open Channel [id: 0x89687221, L:/127.0.0.1:57512 - R:localhost/127.0.0.1:61324] for GET '/session/3804a52f96d2eeb36549db6fbc7fe9a6/screenshot'
17:42:34.688 [AsyncHttpClient-1-2] DEBUG org.asynchttpclient.netty.handler.HttpHandler - 

Request DefaultFullHttpRequest(decodeResult: success, version: HTTP/1.1, content: EmptyByteBufBE)
GET /session/3804a52f96d2eeb36549db6fbc7fe9a6/screenshot HTTP/1.1
User-Agent: selenium/4.3.0 (java windows)
Cache-Control: no-cache
Content-Type: application/json; charset=utf-8
host: localhost:61324
accept: */*

Response DefaultHttpResponse(decodeResult: success, version: HTTP/1.1)
HTTP/1.1 200 OK
Content-Type: application/json; charset=utf-8
cache-control: no-cache
content-length: 228780

17:42:34.690 [AsyncHttpClient-1-2] DEBUG org.asynchttpclient.netty.channel.ChannelManager - Adding key: http://localhost:61324 for channel [id: 0x89687221, L:/127.0.0.1:57512 - R:localhost/127.0.0.1:61324]
17:42:34.698 [Test worker] DEBUG net.serenitybdd.core.photography.Darkroom - Send negative for processing for D:\Users\Usuario\Documents\Accenture\AutomatizacionAccenturePrueba\target\site\serenity\e4e7a0e60d372b3c310a669b1b4a06660ac00f9e37b7eaee112531d8d2743edd.png
17:42:34.699 [Darkroom Processing Line] DEBUG net.serenitybdd.core.photography.DarkroomProcessingLine - Processing screenshot image in /var/screenshots/screenshot-8739179149967484281
17:42:34.699 [Darkroom Processing Line] DEBUG net.serenitybdd.core.photography.DarkroomProcessingLine - Saving screenshot to D:\Users\Usuario\Documents\Accenture\AutomatizacionAccenturePrueba\target\site\serenity\e4e7a0e60d372b3c310a669b1b4a06660ac00f9e37b7eaee112531d8d2743edd.png
17:42:34.701 [Test worker] DEBUG net.thucydides.core.steps.StepInterceptor - STARTING STEP: IngresarUsuario.performAs - {0} enters #theTextAsAString into #target
17:42:34.718 [Test worker] DEBUG net.serenitybdd.screenplay.targets.IFrameSwitcher - default content already selected for name login
17:42:34.798 [Forwarding findElement on session 3804a52f96d2eeb36549db6fbc7fe9a6 to remote] DEBUG org.asynchttpclient.netty.request.NettyRequestSender - Using pooled Channel '[id: 0x89687221, L:/127.0.0.1:57512 - R:localhost/127.0.0.1:61324]' for 'POST' to 'http://localhost:61324/session/3804a52f96d2eeb36549db6fbc7fe9a6/element'
17:42:34.799 [Forwarding findElement on session 3804a52f96d2eeb36549db6fbc7fe9a6 to remote] DEBUG org.asynchttpclient.netty.request.NettyRequestSender - Using open Channel [id: 0x89687221, L:/127.0.0.1:57512 - R:localhost/127.0.0.1:61324] for POST '/session/3804a52f96d2eeb36549db6fbc7fe9a6/element'
17:42:34.833 [AsyncHttpClient-1-2] DEBUG org.asynchttpclient.netty.handler.HttpHandler - 

Request DefaultHttpRequest(decodeResult: success, version: HTTP/1.1)
POST /session/3804a52f96d2eeb36549db6fbc7fe9a6/element HTTP/1.1
User-Agent: selenium/4.3.0 (java windows)
Content-Length: 77
Content-Type: application/json; charset=utf-8
host: localhost:61324
accept: */*

Response DefaultHttpResponse(decodeResult: success, version: HTTP/1.1)
HTTP/1.1 200 OK
Content-Type: application/json; charset=utf-8
cache-control: no-cache
content-length: 126

17:42:34.833 [AsyncHttpClient-1-2] DEBUG org.asynchttpclient.netty.channel.ChannelManager - Adding key: http://localhost:61324 for channel [id: 0x89687221, L:/127.0.0.1:57512 - R:localhost/127.0.0.1:61324]
17:42:34.836 [Forwarding clearElement on session 3804a52f96d2eeb36549db6fbc7fe9a6 to remote] DEBUG org.asynchttpclient.netty.request.NettyRequestSender - Using pooled Channel '[id: 0x89687221, L:/127.0.0.1:57512 - R:localhost/127.0.0.1:61324]' for 'POST' to 'http://localhost:61324/session/3804a52f96d2eeb36549db6fbc7fe9a6/element/f.3DC5CDB77786DE21E37CA50373E739D7.d.FFA96A58F9B31CD6D173255BD209AD77.e.15/clear'
17:42:34.836 [Forwarding clearElement on session 3804a52f96d2eeb36549db6fbc7fe9a6 to remote] DEBUG org.asynchttpclient.netty.request.NettyRequestSender - Using open Channel [id: 0x89687221, L:/127.0.0.1:57512 - R:localhost/127.0.0.1:61324] for POST '/session/3804a52f96d2eeb36549db6fbc7fe9a6/element/f.3DC5CDB77786DE21E37CA50373E739D7.d.FFA96A58F9B31CD6D173255BD209AD77.e.15/clear'
17:42:34.906 [AsyncHttpClient-1-2] DEBUG org.asynchttpclient.netty.handler.HttpHandler - 

Request DefaultHttpRequest(decodeResult: success, version: HTTP/1.1)
POST /session/3804a52f96d2eeb36549db6fbc7fe9a6/element/f.3DC5CDB77786DE21E37CA50373E739D7.d.FFA96A58F9B31CD6D173255BD209AD77.e.15/clear HTTP/1.1
User-Agent: selenium/4.3.0 (java windows)
Content-Length: 88
Content-Type: application/json; charset=utf-8
host: localhost:61324
accept: */*

Response DefaultHttpResponse(decodeResult: success, version: HTTP/1.1)
HTTP/1.1 200 OK
Content-Type: application/json; charset=utf-8
cache-control: no-cache
content-length: 14

17:42:34.906 [AsyncHttpClient-1-2] DEBUG org.asynchttpclient.netty.channel.ChannelManager - Adding key: http://localhost:61324 for channel [id: 0x89687221, L:/127.0.0.1:57512 - R:localhost/127.0.0.1:61324]
17:42:34.924 [Forwarding sendKeysToElement on session 3804a52f96d2eeb36549db6fbc7fe9a6 to remote] DEBUG org.asynchttpclient.netty.request.NettyRequestSender - Using pooled Channel '[id: 0x89687221, L:/127.0.0.1:57512 - R:localhost/127.0.0.1:61324]' for 'POST' to 'http://localhost:61324/session/3804a52f96d2eeb36549db6fbc7fe9a6/element/f.3DC5CDB77786DE21E37CA50373E739D7.d.FFA96A58F9B31CD6D173255BD209AD77.e.15/value'
17:42:34.925 [Forwarding sendKeysToElement on session 3804a52f96d2eeb36549db6fbc7fe9a6 to remote] DEBUG org.asynchttpclient.netty.request.NettyRequestSender - Using open Channel [id: 0x89687221, L:/127.0.0.1:57512 - R:localhost/127.0.0.1:61324] for POST '/session/3804a52f96d2eeb36549db6fbc7fe9a6/element/f.3DC5CDB77786DE21E37CA50373E739D7.d.FFA96A58F9B31CD6D173255BD209AD77.e.15/value'
17:42:35.017 [AsyncHttpClient-1-2] DEBUG org.asynchttpclient.netty.handler.HttpHandler - 

Request DefaultHttpRequest(decodeResult: success, version: HTTP/1.1)
POST /session/3804a52f96d2eeb36549db6fbc7fe9a6/element/f.3DC5CDB77786DE21E37CA50373E739D7.d.FFA96A58F9B31CD6D173255BD209AD77.e.15/value HTTP/1.1
User-Agent: selenium/4.3.0 (java windows)
Content-Length: 209
Content-Type: application/json; charset=utf-8
host: localhost:61324
accept: */*

Response DefaultHttpResponse(decodeResult: success, version: HTTP/1.1)
HTTP/1.1 200 OK
Content-Type: application/json; charset=utf-8
cache-control: no-cache
content-length: 14

17:42:35.018 [AsyncHttpClient-1-2] DEBUG org.asynchttpclient.netty.channel.ChannelManager - Adding key: http://localhost:61324 for channel [id: 0x89687221, L:/127.0.0.1:57512 - R:localhost/127.0.0.1:61324]
17:42:35.057 [Forwarding screenshot on session 3804a52f96d2eeb36549db6fbc7fe9a6 to remote] DEBUG org.asynchttpclient.netty.request.NettyRequestSender - Using pooled Channel '[id: 0x89687221, L:/127.0.0.1:57512 - R:localhost/127.0.0.1:61324]' for 'GET' to 'http://localhost:61324/session/3804a52f96d2eeb36549db6fbc7fe9a6/screenshot'
17:42:35.057 [Forwarding screenshot on session 3804a52f96d2eeb36549db6fbc7fe9a6 to remote] DEBUG org.asynchttpclient.netty.request.NettyRequestSender - Using open Channel [id: 0x89687221, L:/127.0.0.1:57512 - R:localhost/127.0.0.1:61324] for GET '/session/3804a52f96d2eeb36549db6fbc7fe9a6/screenshot'
17:42:35.239 [AsyncHttpClient-1-2] DEBUG org.asynchttpclient.netty.handler.HttpHandler - 

Request DefaultFullHttpRequest(decodeResult: success, version: HTTP/1.1, content: EmptyByteBufBE)
GET /session/3804a52f96d2eeb36549db6fbc7fe9a6/screenshot HTTP/1.1
User-Agent: selenium/4.3.0 (java windows)
Cache-Control: no-cache
Content-Type: application/json; charset=utf-8
host: localhost:61324
accept: */*

Response DefaultHttpResponse(decodeResult: success, version: HTTP/1.1)
HTTP/1.1 200 OK
Content-Type: application/json; charset=utf-8
cache-control: no-cache
content-length: 230556

17:42:35.241 [AsyncHttpClient-1-2] DEBUG org.asynchttpclient.netty.channel.ChannelManager - Adding key: http://localhost:61324 for channel [id: 0x89687221, L:/127.0.0.1:57512 - R:localhost/127.0.0.1:61324]
17:42:35.249 [Test worker] DEBUG net.serenitybdd.core.photography.Darkroom - Send negative for processing for D:\Users\Usuario\Documents\Accenture\AutomatizacionAccenturePrueba\target\site\serenity\ab51e6702d57d3a80082818140ff5c70827226e3bf21552d4accb6e33ae11c58.png
17:42:35.249 [Darkroom Processing Line] DEBUG net.serenitybdd.core.photography.DarkroomProcessingLine - Processing screenshot image in /var/screenshots/screenshot-14895840749228187851
17:42:35.249 [Darkroom Processing Line] DEBUG net.serenitybdd.core.photography.DarkroomProcessingLine - Saving screenshot to D:\Users\Usuario\Documents\Accenture\AutomatizacionAccenturePrueba\target\site\serenity\ab51e6702d57d3a80082818140ff5c70827226e3bf21552d4accb6e33ae11c58.png
17:42:35.336 [Forwarding screenshot on session 3804a52f96d2eeb36549db6fbc7fe9a6 to remote] DEBUG org.asynchttpclient.netty.request.NettyRequestSender - Using pooled Channel '[id: 0x89687221, L:/127.0.0.1:57512 - R:localhost/127.0.0.1:61324]' for 'GET' to 'http://localhost:61324/session/3804a52f96d2eeb36549db6fbc7fe9a6/screenshot'
17:42:35.336 [Forwarding screenshot on session 3804a52f96d2eeb36549db6fbc7fe9a6 to remote] DEBUG org.asynchttpclient.netty.request.NettyRequestSender - Using open Channel [id: 0x89687221, L:/127.0.0.1:57512 - R:localhost/127.0.0.1:61324] for GET '/session/3804a52f96d2eeb36549db6fbc7fe9a6/screenshot'
17:42:35.520 [AsyncHttpClient-1-2] DEBUG org.asynchttpclient.netty.handler.HttpHandler - 

Request DefaultFullHttpRequest(decodeResult: success, version: HTTP/1.1, content: EmptyByteBufBE)
GET /session/3804a52f96d2eeb36549db6fbc7fe9a6/screenshot HTTP/1.1
User-Agent: selenium/4.3.0 (java windows)
Cache-Control: no-cache
Content-Type: application/json; charset=utf-8
host: localhost:61324
accept: */*

Response DefaultHttpResponse(decodeResult: success, version: HTTP/1.1)
HTTP/1.1 200 OK
Content-Type: application/json; charset=utf-8
cache-control: no-cache
content-length: 230544

17:42:35.522 [AsyncHttpClient-1-2] DEBUG org.asynchttpclient.netty.channel.ChannelManager - Adding key: http://localhost:61324 for channel [id: 0x89687221, L:/127.0.0.1:57512 - R:localhost/127.0.0.1:61324]
17:42:35.533 [Test worker] DEBUG net.serenitybdd.core.photography.Darkroom - Send negative for processing for D:\Users\Usuario\Documents\Accenture\AutomatizacionAccenturePrueba\target\site\serenity\a5fafa8283b6d38fd2660f908f3127c7b25e321c82910d9fa99ae6285b69f5ab.png
17:42:35.534 [Test worker] DEBUG net.thucydides.core.steps.StepInterceptor - STEP DONE: {0} enters #theTextAsAString into #target
17:42:35.535 [Darkroom Processing Line] DEBUG net.serenitybdd.core.photography.DarkroomProcessingLine - Processing screenshot image in /var/screenshots/screenshot-4482075042042713872
17:42:35.535 [Darkroom Processing Line] DEBUG net.serenitybdd.core.photography.DarkroomProcessingLine - Saving screenshot to D:\Users\Usuario\Documents\Accenture\AutomatizacionAccenturePrueba\target\site\serenity\a5fafa8283b6d38fd2660f908f3127c7b25e321c82910d9fa99ae6285b69f5ab.png
17:42:35.562 [AsyncHttpClient-1-1] DEBUG org.asynchttpclient.netty.channel.DefaultChannelPool - Entry count for : http://localhost:57514 : 1
17:42:35.563 [AsyncHttpClient-1-1] DEBUG org.asynchttpclient.netty.channel.DefaultChannelPool - Entry count for : http://localhost:61324 : 1
17:42:35.616 [Forwarding screenshot on session 3804a52f96d2eeb36549db6fbc7fe9a6 to remote] DEBUG org.asynchttpclient.netty.request.NettyRequestSender - Using pooled Channel '[id: 0x89687221, L:/127.0.0.1:57512 - R:localhost/127.0.0.1:61324]' for 'GET' to 'http://localhost:61324/session/3804a52f96d2eeb36549db6fbc7fe9a6/screenshot'
17:42:35.621 [Forwarding screenshot on session 3804a52f96d2eeb36549db6fbc7fe9a6 to remote] DEBUG org.asynchttpclient.netty.request.NettyRequestSender - Using open Channel [id: 0x89687221, L:/127.0.0.1:57512 - R:localhost/127.0.0.1:61324] for GET '/session/3804a52f96d2eeb36549db6fbc7fe9a6/screenshot'
17:42:35.788 [AsyncHttpClient-1-2] DEBUG org.asynchttpclient.netty.handler.HttpHandler - 

Request DefaultFullHttpRequest(decodeResult: success, version: HTTP/1.1, content: EmptyByteBufBE)
GET /session/3804a52f96d2eeb36549db6fbc7fe9a6/screenshot HTTP/1.1
User-Agent: selenium/4.3.0 (java windows)
Cache-Control: no-cache
Content-Type: application/json; charset=utf-8
host: localhost:61324
accept: */*

Response DefaultHttpResponse(decodeResult: success, version: HTTP/1.1)
HTTP/1.1 200 OK
Content-Type: application/json; charset=utf-8
cache-control: no-cache
content-length: 230480

17:42:35.790 [AsyncHttpClient-1-2] DEBUG org.asynchttpclient.netty.channel.ChannelManager - Adding key: http://localhost:61324 for channel [id: 0x89687221, L:/127.0.0.1:57512 - R:localhost/127.0.0.1:61324]
17:42:35.802 [Test worker] DEBUG net.serenitybdd.core.photography.Darkroom - Send negative for processing for D:\Users\Usuario\Documents\Accenture\AutomatizacionAccenturePrueba\target\site\serenity\3fb14caa3d39fcca52d9a79843ae90021a9a5db41c9dee1917a46c155e00329e.png
17:42:35.803 [Test worker] DEBUG net.thucydides.core.steps.StepInterceptor - STARTING STEP: IngresarUsuario.performAs - {0} enters #theTextAsAString into #target
17:42:35.805 [Darkroom Processing Line] DEBUG net.serenitybdd.core.photography.DarkroomProcessingLine - Processing screenshot image in /var/screenshots/screenshot-1964484649506544641
17:42:35.806 [Darkroom Processing Line] DEBUG net.serenitybdd.core.photography.DarkroomProcessingLine - Saving screenshot to D:\Users\Usuario\Documents\Accenture\AutomatizacionAccenturePrueba\target\site\serenity\3fb14caa3d39fcca52d9a79843ae90021a9a5db41c9dee1917a46c155e00329e.png
17:42:35.830 [Test worker] DEBUG net.serenitybdd.screenplay.targets.IFrameSwitcher - default content already selected for password login
17:42:35.957 [Forwarding findElement on session 3804a52f96d2eeb36549db6fbc7fe9a6 to remote] DEBUG org.asynchttpclient.netty.request.NettyRequestSender - Using pooled Channel '[id: 0x89687221, L:/127.0.0.1:57512 - R:localhost/127.0.0.1:61324]' for 'POST' to 'http://localhost:61324/session/3804a52f96d2eeb36549db6fbc7fe9a6/element'
17:42:35.957 [Forwarding findElement on session 3804a52f96d2eeb36549db6fbc7fe9a6 to remote] DEBUG org.asynchttpclient.netty.request.NettyRequestSender - Using open Channel [id: 0x89687221, L:/127.0.0.1:57512 - R:localhost/127.0.0.1:61324] for POST '/session/3804a52f96d2eeb36549db6fbc7fe9a6/element'
17:42:35.986 [AsyncHttpClient-1-2] DEBUG org.asynchttpclient.netty.handler.HttpHandler - 

Request DefaultHttpRequest(decodeResult: success, version: HTTP/1.1)
POST /session/3804a52f96d2eeb36549db6fbc7fe9a6/element HTTP/1.1
User-Agent: selenium/4.3.0 (java windows)
Content-Length: 77
Content-Type: application/json; charset=utf-8
host: localhost:61324
accept: */*

Response DefaultHttpResponse(decodeResult: success, version: HTTP/1.1)
HTTP/1.1 200 OK
Content-Type: application/json; charset=utf-8
cache-control: no-cache
content-length: 126

17:42:35.986 [AsyncHttpClient-1-2] DEBUG org.asynchttpclient.netty.channel.ChannelManager - Adding key: http://localhost:61324 for channel [id: 0x89687221, L:/127.0.0.1:57512 - R:localhost/127.0.0.1:61324]
17:42:35.991 [Forwarding clearElement on session 3804a52f96d2eeb36549db6fbc7fe9a6 to remote] DEBUG org.asynchttpclient.netty.request.NettyRequestSender - Using pooled Channel '[id: 0x89687221, L:/127.0.0.1:57512 - R:localhost/127.0.0.1:61324]' for 'POST' to 'http://localhost:61324/session/3804a52f96d2eeb36549db6fbc7fe9a6/element/f.3DC5CDB77786DE21E37CA50373E739D7.d.FFA96A58F9B31CD6D173255BD209AD77.e.16/clear'
17:42:35.991 [Forwarding clearElement on session 3804a52f96d2eeb36549db6fbc7fe9a6 to remote] DEBUG org.asynchttpclient.netty.request.NettyRequestSender - Using open Channel [id: 0x89687221, L:/127.0.0.1:57512 - R:localhost/127.0.0.1:61324] for POST '/session/3804a52f96d2eeb36549db6fbc7fe9a6/element/f.3DC5CDB77786DE21E37CA50373E739D7.d.FFA96A58F9B31CD6D173255BD209AD77.e.16/clear'
17:42:36.048 [AsyncHttpClient-1-2] DEBUG org.asynchttpclient.netty.handler.HttpHandler - 

Request DefaultHttpRequest(decodeResult: success, version: HTTP/1.1)
POST /session/3804a52f96d2eeb36549db6fbc7fe9a6/element/f.3DC5CDB77786DE21E37CA50373E739D7.d.FFA96A58F9B31CD6D173255BD209AD77.e.16/clear HTTP/1.1
User-Agent: selenium/4.3.0 (java windows)
Content-Length: 88
Content-Type: application/json; charset=utf-8
host: localhost:61324
accept: */*

Response DefaultHttpResponse(decodeResult: success, version: HTTP/1.1)
HTTP/1.1 200 OK
Content-Type: application/json; charset=utf-8
cache-control: no-cache
content-length: 14

17:42:36.048 [AsyncHttpClient-1-2] DEBUG org.asynchttpclient.netty.channel.ChannelManager - Adding key: http://localhost:61324 for channel [id: 0x89687221, L:/127.0.0.1:57512 - R:localhost/127.0.0.1:61324]
17:42:36.069 [Forwarding sendKeysToElement on session 3804a52f96d2eeb36549db6fbc7fe9a6 to remote] DEBUG org.asynchttpclient.netty.request.NettyRequestSender - Using pooled Channel '[id: 0x89687221, L:/127.0.0.1:57512 - R:localhost/127.0.0.1:61324]' for 'POST' to 'http://localhost:61324/session/3804a52f96d2eeb36549db6fbc7fe9a6/element/f.3DC5CDB77786DE21E37CA50373E739D7.d.FFA96A58F9B31CD6D173255BD209AD77.e.16/value'
17:42:36.069 [Forwarding sendKeysToElement on session 3804a52f96d2eeb36549db6fbc7fe9a6 to remote] DEBUG org.asynchttpclient.netty.request.NettyRequestSender - Using open Channel [id: 0x89687221, L:/127.0.0.1:57512 - R:localhost/127.0.0.1:61324] for POST '/session/3804a52f96d2eeb36549db6fbc7fe9a6/element/f.3DC5CDB77786DE21E37CA50373E739D7.d.FFA96A58F9B31CD6D173255BD209AD77.e.16/value'
17:42:36.356 [AsyncHttpClient-1-2] DEBUG org.asynchttpclient.netty.handler.HttpHandler - 

Request DefaultHttpRequest(decodeResult: success, version: HTTP/1.1)
POST /session/3804a52f96d2eeb36549db6fbc7fe9a6/element/f.3DC5CDB77786DE21E37CA50373E739D7.d.FFA96A58F9B31CD6D173255BD209AD77.e.16/value HTTP/1.1
User-Agent: selenium/4.3.0 (java windows)
Content-Length: 199
Content-Type: application/json; charset=utf-8
host: localhost:61324
accept: */*

Response DefaultHttpResponse(decodeResult: success, version: HTTP/1.1)
HTTP/1.1 200 OK
Content-Type: application/json; charset=utf-8
cache-control: no-cache
content-length: 14

17:42:36.357 [AsyncHttpClient-1-2] DEBUG org.asynchttpclient.netty.channel.ChannelManager - Adding key: http://localhost:61324 for channel [id: 0x89687221, L:/127.0.0.1:57512 - R:localhost/127.0.0.1:61324]
17:42:36.399 [Forwarding screenshot on session 3804a52f96d2eeb36549db6fbc7fe9a6 to remote] DEBUG org.asynchttpclient.netty.request.NettyRequestSender - Using pooled Channel '[id: 0x89687221, L:/127.0.0.1:57512 - R:localhost/127.0.0.1:61324]' for 'GET' to 'http://localhost:61324/session/3804a52f96d2eeb36549db6fbc7fe9a6/screenshot'
17:42:36.399 [Forwarding screenshot on session 3804a52f96d2eeb36549db6fbc7fe9a6 to remote] DEBUG org.asynchttpclient.netty.request.NettyRequestSender - Using open Channel [id: 0x89687221, L:/127.0.0.1:57512 - R:localhost/127.0.0.1:61324] for GET '/session/3804a52f96d2eeb36549db6fbc7fe9a6/screenshot'
17:42:36.593 [AsyncHttpClient-1-2] DEBUG org.asynchttpclient.netty.handler.HttpHandler - 

Request DefaultFullHttpRequest(decodeResult: success, version: HTTP/1.1, content: EmptyByteBufBE)
GET /session/3804a52f96d2eeb36549db6fbc7fe9a6/screenshot HTTP/1.1
User-Agent: selenium/4.3.0 (java windows)
Cache-Control: no-cache
Content-Type: application/json; charset=utf-8
host: localhost:61324
accept: */*

Response DefaultHttpResponse(decodeResult: success, version: HTTP/1.1)
HTTP/1.1 200 OK
Content-Type: application/json; charset=utf-8
cache-control: no-cache
content-length: 231160

17:42:36.595 [AsyncHttpClient-1-2] DEBUG org.asynchttpclient.netty.channel.ChannelManager - Adding key: http://localhost:61324 for channel [id: 0x89687221, L:/127.0.0.1:57512 - R:localhost/127.0.0.1:61324]
17:42:36.603 [Test worker] DEBUG net.serenitybdd.core.photography.Darkroom - Send negative for processing for D:\Users\Usuario\Documents\Accenture\AutomatizacionAccenturePrueba\target\site\serenity\61d56d5609808330c5034d1ea26ac4851f4e2727ae4445120c28cdb6f915fb9d.png
17:42:36.604 [Darkroom Processing Line] DEBUG net.serenitybdd.core.photography.DarkroomProcessingLine - Processing screenshot image in /var/screenshots/screenshot-10021774280234321462
17:42:36.604 [Darkroom Processing Line] DEBUG net.serenitybdd.core.photography.DarkroomProcessingLine - Saving screenshot to D:\Users\Usuario\Documents\Accenture\AutomatizacionAccenturePrueba\target\site\serenity\61d56d5609808330c5034d1ea26ac4851f4e2727ae4445120c28cdb6f915fb9d.png
17:42:36.633 [AsyncHttpClient-1-1] DEBUG org.asynchttpclient.netty.channel.DefaultChannelPool - Entry count for : http://localhost:57514 : 1
17:42:36.634 [AsyncHttpClient-1-1] DEBUG org.asynchttpclient.netty.channel.DefaultChannelPool - Entry count for : http://localhost:61324 : 1
17:42:36.649 [Test worker] DEBUG net.thucydides.core.steps.StepInterceptor - STEP DONE: {0} enters #theTextAsAString into #target
17:42:36.679 [Forwarding screenshot on session 3804a52f96d2eeb36549db6fbc7fe9a6 to remote] DEBUG org.asynchttpclient.netty.request.NettyRequestSender - Using pooled Channel '[id: 0x89687221, L:/127.0.0.1:57512 - R:localhost/127.0.0.1:61324]' for 'GET' to 'http://localhost:61324/session/3804a52f96d2eeb36549db6fbc7fe9a6/screenshot'
17:42:36.679 [Forwarding screenshot on session 3804a52f96d2eeb36549db6fbc7fe9a6 to remote] DEBUG org.asynchttpclient.netty.request.NettyRequestSender - Using open Channel [id: 0x89687221, L:/127.0.0.1:57512 - R:localhost/127.0.0.1:61324] for GET '/session/3804a52f96d2eeb36549db6fbc7fe9a6/screenshot'
17:42:36.879 [AsyncHttpClient-1-2] DEBUG org.asynchttpclient.netty.handler.HttpHandler - 

Request DefaultFullHttpRequest(decodeResult: success, version: HTTP/1.1, content: EmptyByteBufBE)
GET /session/3804a52f96d2eeb36549db6fbc7fe9a6/screenshot HTTP/1.1
User-Agent: selenium/4.3.0 (java windows)
Cache-Control: no-cache
Content-Type: application/json; charset=utf-8
host: localhost:61324
accept: */*

Response DefaultHttpResponse(decodeResult: success, version: HTTP/1.1)
HTTP/1.1 200 OK
Content-Type: application/json; charset=utf-8
cache-control: no-cache
content-length: 231224

17:42:36.881 [AsyncHttpClient-1-2] DEBUG org.asynchttpclient.netty.channel.ChannelManager - Adding key: http://localhost:61324 for channel [id: 0x89687221, L:/127.0.0.1:57512 - R:localhost/127.0.0.1:61324]
17:42:36.890 [Test worker] DEBUG net.serenitybdd.core.photography.Darkroom - Send negative for processing for D:\Users\Usuario\Documents\Accenture\AutomatizacionAccenturePrueba\target\site\serenity\31e97d1bb9bcc1b1f10aa302c96692fed7905facc6d36048ef4b630fd3bfb5b2.png
17:42:36.891 [Test worker] DEBUG net.thucydides.core.steps.StepInterceptor - STARTING STEP: IngresarUsuario.performAs - {0} clicks on #target
17:42:36.892 [Test worker] DEBUG net.serenitybdd.screenplay.targets.IFrameSwitcher - default content already selected for login completado
17:42:36.898 [Darkroom Processing Line] DEBUG net.serenitybdd.core.photography.DarkroomProcessingLine - Processing screenshot image in /var/screenshots/screenshot-8114764382695754164
17:42:36.898 [Darkroom Processing Line] DEBUG net.serenitybdd.core.photography.DarkroomProcessingLine - Saving screenshot to D:\Users\Usuario\Documents\Accenture\AutomatizacionAccenturePrueba\target\site\serenity\31e97d1bb9bcc1b1f10aa302c96692fed7905facc6d36048ef4b630fd3bfb5b2.png
17:42:37.051 [Forwarding findElement on session 3804a52f96d2eeb36549db6fbc7fe9a6 to remote] DEBUG org.asynchttpclient.netty.request.NettyRequestSender - Using pooled Channel '[id: 0x89687221, L:/127.0.0.1:57512 - R:localhost/127.0.0.1:61324]' for 'POST' to 'http://localhost:61324/session/3804a52f96d2eeb36549db6fbc7fe9a6/element'
17:42:37.052 [Forwarding findElement on session 3804a52f96d2eeb36549db6fbc7fe9a6 to remote] DEBUG org.asynchttpclient.netty.request.NettyRequestSender - Using open Channel [id: 0x89687221, L:/127.0.0.1:57512 - R:localhost/127.0.0.1:61324] for POST '/session/3804a52f96d2eeb36549db6fbc7fe9a6/element'
17:42:37.069 [AsyncHttpClient-1-2] DEBUG org.asynchttpclient.netty.handler.HttpHandler - 

Request DefaultHttpRequest(decodeResult: success, version: HTTP/1.1)
POST /session/3804a52f96d2eeb36549db6fbc7fe9a6/element HTTP/1.1
User-Agent: selenium/4.3.0 (java windows)
Content-Length: 77
Content-Type: application/json; charset=utf-8
host: localhost:61324
accept: */*

Response DefaultHttpResponse(decodeResult: success, version: HTTP/1.1)
HTTP/1.1 200 OK
Content-Type: application/json; charset=utf-8
cache-control: no-cache
content-length: 126

17:42:37.070 [AsyncHttpClient-1-2] DEBUG org.asynchttpclient.netty.channel.ChannelManager - Adding key: http://localhost:61324 for channel [id: 0x89687221, L:/127.0.0.1:57512 - R:localhost/127.0.0.1:61324]
17:42:37.090 [Forwarding isElementDisplayed on session 3804a52f96d2eeb36549db6fbc7fe9a6 to remote] DEBUG org.asynchttpclient.netty.request.NettyRequestSender - Using pooled Channel '[id: 0x89687221, L:/127.0.0.1:57512 - R:localhost/127.0.0.1:61324]' for 'POST' to 'http://localhost:61324/session/3804a52f96d2eeb36549db6fbc7fe9a6/execute/sync'
17:42:37.090 [Forwarding isElementDisplayed on session 3804a52f96d2eeb36549db6fbc7fe9a6 to remote] DEBUG org.asynchttpclient.netty.request.NettyRequestSender - Using open Channel [id: 0x89687221, L:/127.0.0.1:57512 - R:localhost/127.0.0.1:61324] for POST '/session/3804a52f96d2eeb36549db6fbc7fe9a6/execute/sync'
17:42:37.103 [AsyncHttpClient-1-2] DEBUG org.asynchttpclient.netty.handler.HttpHandler - 

Request DefaultHttpRequest(decodeResult: success, version: HTTP/1.1)
POST /session/3804a52f96d2eeb36549db6fbc7fe9a6/execute/sync HTTP/1.1
User-Agent: selenium/4.3.0 (java windows)
Content-Length: 48818
Content-Type: application/json; charset=utf-8
host: localhost:61324
accept: */*

Response DefaultHttpResponse(decodeResult: success, version: HTTP/1.1)
HTTP/1.1 200 OK
Content-Type: application/json; charset=utf-8
cache-control: no-cache
content-length: 14

17:42:37.104 [AsyncHttpClient-1-2] DEBUG org.asynchttpclient.netty.channel.ChannelManager - Adding key: http://localhost:61324 for channel [id: 0x89687221, L:/127.0.0.1:57512 - R:localhost/127.0.0.1:61324]
17:42:37.134 [Forwarding findElement on session 3804a52f96d2eeb36549db6fbc7fe9a6 to remote] DEBUG org.asynchttpclient.netty.request.NettyRequestSender - Using pooled Channel '[id: 0x89687221, L:/127.0.0.1:57512 - R:localhost/127.0.0.1:61324]' for 'POST' to 'http://localhost:61324/session/3804a52f96d2eeb36549db6fbc7fe9a6/element'
17:42:37.135 [Forwarding findElement on session 3804a52f96d2eeb36549db6fbc7fe9a6 to remote] DEBUG org.asynchttpclient.netty.request.NettyRequestSender - Using open Channel [id: 0x89687221, L:/127.0.0.1:57512 - R:localhost/127.0.0.1:61324] for POST '/session/3804a52f96d2eeb36549db6fbc7fe9a6/element'
17:42:37.149 [AsyncHttpClient-1-2] DEBUG org.asynchttpclient.netty.handler.HttpHandler - 

Request DefaultHttpRequest(decodeResult: success, version: HTTP/1.1)
POST /session/3804a52f96d2eeb36549db6fbc7fe9a6/element HTTP/1.1
User-Agent: selenium/4.3.0 (java windows)
Content-Length: 77
Content-Type: application/json; charset=utf-8
host: localhost:61324
accept: */*

Response DefaultHttpResponse(decodeResult: success, version: HTTP/1.1)
HTTP/1.1 200 OK
Content-Type: application/json; charset=utf-8
cache-control: no-cache
content-length: 126

17:42:37.150 [AsyncHttpClient-1-2] DEBUG org.asynchttpclient.netty.channel.ChannelManager - Adding key: http://localhost:61324 for channel [id: 0x89687221, L:/127.0.0.1:57512 - R:localhost/127.0.0.1:61324]
17:42:37.153 [Forwarding clickElement on session 3804a52f96d2eeb36549db6fbc7fe9a6 to remote] DEBUG org.asynchttpclient.netty.request.NettyRequestSender - Using pooled Channel '[id: 0x89687221, L:/127.0.0.1:57512 - R:localhost/127.0.0.1:61324]' for 'POST' to 'http://localhost:61324/session/3804a52f96d2eeb36549db6fbc7fe9a6/element/f.3DC5CDB77786DE21E37CA50373E739D7.d.FFA96A58F9B31CD6D173255BD209AD77.e.57/click'
17:42:37.153 [Forwarding clickElement on session 3804a52f96d2eeb36549db6fbc7fe9a6 to remote] DEBUG org.asynchttpclient.netty.request.NettyRequestSender - Using open Channel [id: 0x89687221, L:/127.0.0.1:57512 - R:localhost/127.0.0.1:61324] for POST '/session/3804a52f96d2eeb36549db6fbc7fe9a6/element/f.3DC5CDB77786DE21E37CA50373E739D7.d.FFA96A58F9B31CD6D173255BD209AD77.e.57/click'
17:42:37.236 [AsyncHttpClient-1-2] DEBUG org.asynchttpclient.netty.handler.HttpHandler - 

Request DefaultHttpRequest(decodeResult: success, version: HTTP/1.1)
POST /session/3804a52f96d2eeb36549db6fbc7fe9a6/element/f.3DC5CDB77786DE21E37CA50373E739D7.d.FFA96A58F9B31CD6D173255BD209AD77.e.57/click HTTP/1.1
User-Agent: selenium/4.3.0 (java windows)
Content-Length: 88
Content-Type: application/json; charset=utf-8
host: localhost:61324
accept: */*

Response DefaultHttpResponse(decodeResult: success, version: HTTP/1.1)
HTTP/1.1 200 OK
Content-Type: application/json; charset=utf-8
cache-control: no-cache
content-length: 14

17:42:37.236 [AsyncHttpClient-1-2] DEBUG org.asynchttpclient.netty.channel.ChannelManager - Adding key: http://localhost:61324 for channel [id: 0x89687221, L:/127.0.0.1:57512 - R:localhost/127.0.0.1:61324]
17:42:37.321 [Forwarding screenshot on session 3804a52f96d2eeb36549db6fbc7fe9a6 to remote] DEBUG org.asynchttpclient.netty.request.NettyRequestSender - Using pooled Channel '[id: 0x89687221, L:/127.0.0.1:57512 - R:localhost/127.0.0.1:61324]' for 'GET' to 'http://localhost:61324/session/3804a52f96d2eeb36549db6fbc7fe9a6/screenshot'
17:42:37.321 [Forwarding screenshot on session 3804a52f96d2eeb36549db6fbc7fe9a6 to remote] DEBUG org.asynchttpclient.netty.request.NettyRequestSender - Using open Channel [id: 0x89687221, L:/127.0.0.1:57512 - R:localhost/127.0.0.1:61324] for GET '/session/3804a52f96d2eeb36549db6fbc7fe9a6/screenshot'
17:42:37.571 [AsyncHttpClient-1-2] DEBUG org.asynchttpclient.netty.handler.HttpHandler - 

Request DefaultFullHttpRequest(decodeResult: success, version: HTTP/1.1, content: EmptyByteBufBE)
GET /session/3804a52f96d2eeb36549db6fbc7fe9a6/screenshot HTTP/1.1
User-Agent: selenium/4.3.0 (java windows)
Cache-Control: no-cache
Content-Type: application/json; charset=utf-8
host: localhost:61324
accept: */*

Response DefaultHttpResponse(decodeResult: success, version: HTTP/1.1)
HTTP/1.1 200 OK
Content-Type: application/json; charset=utf-8
cache-control: no-cache
content-length: 231328

17:42:37.573 [AsyncHttpClient-1-2] DEBUG org.asynchttpclient.netty.channel.ChannelManager - Adding key: http://localhost:61324 for channel [id: 0x89687221, L:/127.0.0.1:57512 - R:localhost/127.0.0.1:61324]
17:42:37.584 [Test worker] DEBUG net.serenitybdd.core.photography.Darkroom - Send negative for processing for D:\Users\Usuario\Documents\Accenture\AutomatizacionAccenturePrueba\target\site\serenity\7c664aefc41fa01b9c6722bf9a00ebfa7773261f822a7b87b931f5ffd07eb2f3.png
17:42:37.585 [Darkroom Processing Line] DEBUG net.serenitybdd.core.photography.DarkroomProcessingLine - Processing screenshot image in /var/screenshots/screenshot-1762124470188309171
17:42:37.585 [Darkroom Processing Line] DEBUG net.serenitybdd.core.photography.DarkroomProcessingLine - Saving screenshot to D:\Users\Usuario\Documents\Accenture\AutomatizacionAccenturePrueba\target\site\serenity\7c664aefc41fa01b9c6722bf9a00ebfa7773261f822a7b87b931f5ffd07eb2f3.png
17:42:37.641 [Forwarding screenshot on session 3804a52f96d2eeb36549db6fbc7fe9a6 to remote] DEBUG org.asynchttpclient.netty.request.NettyRequestSender - Using pooled Channel '[id: 0x89687221, L:/127.0.0.1:57512 - R:localhost/127.0.0.1:61324]' for 'GET' to 'http://localhost:61324/session/3804a52f96d2eeb36549db6fbc7fe9a6/screenshot'
[...]
17:42:52.361 [Test worker] DEBUG net.serenitybdd.screenplay.targets.IFrameSwitcher - default content already selected for Validar la compra realizada
17:42:52.413 [Forwarding findElement on session 3804a52f96d2eeb36549db6fbc7fe9a6 to remote] DEBUG org.asynchttpclient.netty.request.NettyRequestSender - Using pooled Channel '[id: 0x89687221, L:/127.0.0.1:57512 - R:localhost/127.0.0.1:61324]' for 'POST' to 'http://localhost:61324/session/3804a52f96d2eeb36549db6fbc7fe9a6/element'
17:42:52.413 [Forwarding findElement on session 3804a52f96d2eeb36549db6fbc7fe9a6 to remote] DEBUG org.asynchttpclient.netty.request.NettyRequestSender - Using open Channel [id: 0x89687221, L:/127.0.0.1:57512 - R:localhost/127.0.0.1:61324] for POST '/session/3804a52f96d2eeb36549db6fbc7fe9a6/element'
17:42:52.430 [AsyncHttpClient-1-2] DEBUG org.asynchttpclient.netty.handler.HttpHandler - 

Request DefaultHttpRequest(decodeResult: success, version: HTTP/1.1)
POST /session/3804a52f96d2eeb36549db6fbc7fe9a6/element HTTP/1.1
User-Agent: selenium/4.3.0 (java windows)
Content-Length: 79
Content-Type: application/json; charset=utf-8
host: localhost:61324
accept: */*

Response DefaultHttpResponse(decodeResult: success, version: HTTP/1.1)
HTTP/1.1 200 OK
Content-Type: application/json; charset=utf-8
cache-control: no-cache
content-length: 127

17:42:52.430 [AsyncHttpClient-1-2] DEBUG org.asynchttpclient.netty.channel.ChannelManager - Adding key: http://localhost:61324 for channel [id: 0x89687221, L:/127.0.0.1:57512 - R:localhost/127.0.0.1:61324]
17:42:52.431 [Forwarding getElementText on session 3804a52f96d2eeb36549db6fbc7fe9a6 to remote] DEBUG org.asynchttpclient.netty.request.NettyRequestSender - Using pooled Channel '[id: 0x89687221, L:/127.0.0.1:57512 - R:localhost/127.0.0.1:61324]' for 'GET' to 'http://localhost:61324/session/3804a52f96d2eeb36549db6fbc7fe9a6/element/f.3DC5CDB77786DE21E37CA50373E739D7.d.70468054E12B7861E950842F7BC006DE.e.230/text'
17:42:52.431 [Forwarding getElementText on session 3804a52f96d2eeb36549db6fbc7fe9a6 to remote] DEBUG org.asynchttpclient.netty.request.NettyRequestSender - Using open Channel [id: 0x89687221, L:/127.0.0.1:57512 - R:localhost/127.0.0.1:61324] for GET '/session/3804a52f96d2eeb36549db6fbc7fe9a6/element/f.3DC5CDB77786DE21E37CA50373E739D7.d.70468054E12B7861E950842F7BC006DE.e.230/text'
17:42:52.452 [AsyncHttpClient-1-2] DEBUG org.asynchttpclient.netty.handler.HttpHandler - 

Request DefaultFullHttpRequest(decodeResult: success, version: HTTP/1.1, content: EmptyByteBufBE)
GET /session/3804a52f96d2eeb36549db6fbc7fe9a6/element/f.3DC5CDB77786DE21E37CA50373E739D7.d.70468054E12B7861E950842F7BC006DE.e.230/text HTTP/1.1
User-Agent: selenium/4.3.0 (java windows)
Cache-Control: no-cache
Content-Type: application/json; charset=utf-8
host: localhost:61324
accept: */*

Response DefaultHttpResponse(decodeResult: success, version: HTTP/1.1)
HTTP/1.1 200 OK
Content-Type: application/json; charset=utf-8
cache-control: no-cache
content-length: 93

17:42:52.452 [AsyncHttpClient-1-2] DEBUG org.asynchttpclient.netty.channel.ChannelManager - Adding key: http://localhost:61324 for channel [id: 0x89687221, L:/127.0.0.1:57512 - R:localhost/127.0.0.1:61324]
17:42:52.477 [Forwarding screenshot on session 3804a52f96d2eeb36549db6fbc7fe9a6 to remote] DEBUG org.asynchttpclient.netty.request.NettyRequestSender - Using pooled Channel '[id: 0x89687221, L:/127.0.0.1:57512 - R:localhost/127.0.0.1:61324]' for 'GET' to 'http://localhost:61324/session/3804a52f96d2eeb36549db6fbc7fe9a6/screenshot'
17:42:52.478 [Forwarding screenshot on session 3804a52f96d2eeb36549db6fbc7fe9a6 to remote] DEBUG org.asynchttpclient.netty.request.NettyRequestSender - Using open Channel [id: 0x89687221, L:/127.0.0.1:57512 - R:localhost/127.0.0.1:61324] for GET '/session/3804a52f96d2eeb36549db6fbc7fe9a6/screenshot'
17:42:52.626 [AsyncHttpClient-1-2] DEBUG org.asynchttpclient.netty.handler.HttpHandler - 

Request DefaultFullHttpRequest(decodeResult: success, version: HTTP/1.1, content: EmptyByteBufBE)
GET /session/3804a52f96d2eeb36549db6fbc7fe9a6/screenshot HTTP/1.1
User-Agent: selenium/4.3.0 (java windows)
Cache-Control: no-cache
Content-Type: application/json; charset=utf-8
host: localhost:61324
accept: */*

Response DefaultHttpResponse(decodeResult: success, version: HTTP/1.1)
HTTP/1.1 200 OK
Content-Type: application/json; charset=utf-8
cache-control: no-cache
content-length: 166384

17:42:52.627 [AsyncHttpClient-1-2] DEBUG org.asynchttpclient.netty.channel.ChannelManager - Adding key: http://localhost:61324 for channel [id: 0x89687221, L:/127.0.0.1:57512 - R:localhost/127.0.0.1:61324]
17:42:52.632 [Test worker] DEBUG net.serenitybdd.core.photography.Darkroom - Send negative for processing for D:\Users\Usuario\Documents\Accenture\AutomatizacionAccenturePrueba\target\site\serenity\68ca30fc9795f2e3f82f90e1c0d5f3287ce08852c4e22d8415e851df7c0d5440.png
17:42:52.713 [Forwarding screenshot on session 3804a52f96d2eeb36549db6fbc7fe9a6 to remote] DEBUG org.asynchttpclient.netty.request.NettyRequestSender - Using pooled Channel '[id: 0x89687221, L:/127.0.0.1:57512 - R:localhost/127.0.0.1:61324]' for 'GET' to 'http://localhost:61324/session/3804a52f96d2eeb36549db6fbc7fe9a6/screenshot'
17:42:52.713 [Forwarding screenshot on session 3804a52f96d2eeb36549db6fbc7fe9a6 to remote] DEBUG org.asynchttpclient.netty.request.NettyRequestSender - Using open Channel [id: 0x89687221, L:/127.0.0.1:57512 - R:localhost/127.0.0.1:61324] for GET '/session/3804a52f96d2eeb36549db6fbc7fe9a6/screenshot'
17:42:52.873 [AsyncHttpClient-1-2] DEBUG org.asynchttpclient.netty.handler.HttpHandler - 

Request DefaultFullHttpRequest(decodeResult: success, version: HTTP/1.1, content: EmptyByteBufBE)
GET /session/3804a52f96d2eeb36549db6fbc7fe9a6/screenshot HTTP/1.1
User-Agent: selenium/4.3.0 (java windows)
Cache-Control: no-cache
Content-Type: application/json; charset=utf-8
host: localhost:61324
accept: */*

Response DefaultHttpResponse(decodeResult: success, version: HTTP/1.1)
HTTP/1.1 200 OK
Content-Type: application/json; charset=utf-8
cache-control: no-cache
content-length: 166384

17:42:52.874 [AsyncHttpClient-1-2] DEBUG org.asynchttpclient.netty.channel.ChannelManager - Adding key: http://localhost:61324 for channel [id: 0x89687221, L:/127.0.0.1:57512 - R:localhost/127.0.0.1:61324]
17:42:52.883 [Test worker] DEBUG net.serenitybdd.core.photography.Darkroom - Send negative for processing for D:\Users\Usuario\Documents\Accenture\AutomatizacionAccenturePrueba\target\site\serenity\68ca30fc9795f2e3f82f90e1c0d5f3287ce08852c4e22d8415e851df7c0d5440.png
17:42:52.996 [Driver Command Executor] DEBUG org.asynchttpclient.netty.request.NettyRequestSender - Using pooled Channel '[id: 0x89687221, L:/127.0.0.1:57512 - R:localhost/127.0.0.1:61324]' for 'DELETE' to 'http://localhost:61324/session/3804a52f96d2eeb36549db6fbc7fe9a6'
17:42:52.996 [Driver Command Executor] DEBUG org.asynchttpclient.netty.request.NettyRequestSender - Using open Channel [id: 0x89687221, L:/127.0.0.1:57512 - R:localhost/127.0.0.1:61324] for DELETE '/session/3804a52f96d2eeb36549db6fbc7fe9a6'
17:42:52.997 [AsyncHttpClient-1-4] DEBUG org.asynchttpclient.netty.handler.WebSocketHandler - Channel Closed: [id: 0x95125c76, L:/127.0.0.1:57523 ! R:localhost/127.0.0.1:57514] with attribute DISCARD
17:42:53.131 [AsyncHttpClient-1-1] DEBUG org.asynchttpclient.netty.channel.DefaultChannelPool - Entry count for : http://localhost:57514 : 1
17:42:53.234 [AsyncHttpClient-1-3] DEBUG org.asynchttpclient.netty.handler.HttpHandler - Unexpected I/O exception on channel [id: 0xe499c843, L:/127.0.0.1:57522 - R:localhost/127.0.0.1:57514]
java.io.IOException: Se ha forzado la interrupción de una conexión existente por el host remoto
	at java.base/sun.nio.ch.SocketDispatcher.read0(Native Method)
	at java.base/sun.nio.ch.SocketDispatcher.read(SocketDispatcher.java:43)
	at java.base/sun.nio.ch.IOUtil.readIntoNativeBuffer(IOUtil.java:276)
	at java.base/sun.nio.ch.IOUtil.read(IOUtil.java:233)
	at java.base/sun.nio.ch.IOUtil.read(IOUtil.java:223)
	at java.base/sun.nio.ch.SocketChannelImpl.read(SocketChannelImpl.java:356)
	at io.netty.buffer.PooledByteBuf.setBytes(PooledByteBuf.java:258)
	at io.netty.buffer.AbstractByteBuf.writeBytes(AbstractByteBuf.java:1132)
	at io.netty.channel.socket.nio.NioSocketChannel.doReadBytes(NioSocketChannel.java:357)
	at io.netty.channel.nio.AbstractNioByteChannel$NioByteUnsafe.read(AbstractNioByteChannel.java:151)
	at io.netty.channel.nio.NioEventLoop.processSelectedKey(NioEventLoop.java:722)
	at io.netty.channel.nio.NioEventLoop.processSelectedKeysOptimized(NioEventLoop.java:658)
	at io.netty.channel.nio.NioEventLoop.processSelectedKeys(NioEventLoop.java:584)
	at io.netty.channel.nio.NioEventLoop.run(NioEventLoop.java:496)
	at io.netty.util.concurrent.SingleThreadEventExecutor$4.run(SingleThreadEventExecutor.java:997)
	at io.netty.util.internal.ThreadExecutorMap$2.run(ThreadExecutorMap.java:74)
	at io.netty.util.concurrent.FastThreadLocalRunnable.run(FastThreadLocalRunnable.java:30)
	at java.base/java.lang.Thread.run(Thread.java:829)
17:42:53.238 [AsyncHttpClient-1-3] DEBUG org.asynchttpclient.netty.channel.ChannelManager - Closing Channel [id: 0xe499c843, L:/127.0.0.1:57522 - R:localhost/127.0.0.1:57514] 
17:42:53.241 [AsyncHttpClient-1-3] DEBUG org.asynchttpclient.netty.handler.HttpHandler - Channel Closed: [id: 0xe499c843, L:/127.0.0.1:57522 ! R:localhost/127.0.0.1:57514] with attribute DISCARD
17:42:53.304 [AsyncHttpClient-1-2] DEBUG org.asynchttpclient.netty.handler.HttpHandler - 

Request DefaultFullHttpRequest(decodeResult: success, version: HTTP/1.1, content: EmptyByteBufBE)
DELETE /session/3804a52f96d2eeb36549db6fbc7fe9a6 HTTP/1.1
User-Agent: selenium/4.3.0 (java windows)
Content-Type: application/json; charset=utf-8
host: localhost:61324
accept: */*

Response DefaultHttpResponse(decodeResult: success, version: HTTP/1.1)
HTTP/1.1 200 OK
Content-Type: application/json; charset=utf-8
cache-control: no-cache
content-length: 14

17:42:53.304 [AsyncHttpClient-1-2] DEBUG org.asynchttpclient.netty.channel.ChannelManager - Adding key: http://localhost:61324 for channel [id: 0x89687221, L:/127.0.0.1:57512 - R:localhost/127.0.0.1:61324]
17:42:54.233 [AsyncHttpClient-1-1] DEBUG org.asynchttpclient.netty.channel.DefaultChannelPool - Entry count for : http://localhost:57514 : 1
17:42:54.234 [AsyncHttpClient-1-1] DEBUG org.asynchttpclient.netty.channel.DefaultChannelPool - Entry count for : http://localhost:61324 : 1
17:42:54.234 [AsyncHttpClient-1-1] DEBUG org.asynchttpclient.netty.channel.DefaultChannelPool - Adding Candidate expired Channel [id: 0xe499c843, L:/127.0.0.1:57522 ! R:localhost/127.0.0.1:57514] isIdleTimeoutExpired=false isRemotelyClosed=true isTtlExpired=false
17:42:54.235 [AsyncHttpClient-1-1] DEBUG org.asynchttpclient.netty.channel.DefaultChannelPool - Closing Idle Channel [id: 0xe499c843, L:/127.0.0.1:57522 ! R:localhost/127.0.0.1:57514]
17:42:54.235 [AsyncHttpClient-1-1] DEBUG org.asynchttpclient.netty.channel.DefaultChannelPool - Closed 1 connections out of 2 in 1 ms
17:42:54.329 [AsyncHttpClient-1-2] DEBUG org.asynchttpclient.netty.handler.HttpHandler - Unexpected I/O exception on channel [id: 0x89687221, L:/127.0.0.1:57512 - R:localhost/127.0.0.1:61324]
java.io.IOException: Se ha forzado la interrupción de una conexión existente por el host remoto
	at java.base/sun.nio.ch.SocketDispatcher.read0(Native Method)
	at java.base/sun.nio.ch.SocketDispatcher.read(SocketDispatcher.java:43)
	at java.base/sun.nio.ch.IOUtil.readIntoNativeBuffer(IOUtil.java:276)
	at java.base/sun.nio.ch.IOUtil.read(IOUtil.java:233)
	at java.base/sun.nio.ch.IOUtil.read(IOUtil.java:223)
	at java.base/sun.nio.ch.SocketChannelImpl.read(SocketChannelImpl.java:356)
	at io.netty.buffer.PooledByteBuf.setBytes(PooledByteBuf.java:258)
	at io.netty.buffer.AbstractByteBuf.writeBytes(AbstractByteBuf.java:1132)
	at io.netty.channel.socket.nio.NioSocketChannel.doReadBytes(NioSocketChannel.java:357)
	at io.netty.channel.nio.AbstractNioByteChannel$NioByteUnsafe.read(AbstractNioByteChannel.java:151)
	at io.netty.channel.nio.NioEventLoop.processSelectedKey(NioEventLoop.java:722)
	at io.netty.channel.nio.NioEventLoop.processSelectedKeysOptimized(NioEventLoop.java:658)
	at io.netty.channel.nio.NioEventLoop.processSelectedKeys(NioEventLoop.java:584)
	at io.netty.channel.nio.NioEventLoop.run(NioEventLoop.java:496)
	at io.netty.util.concurrent.SingleThreadEventExecutor$4.run(SingleThreadEventExecutor.java:997)
	at io.netty.util.internal.ThreadExecutorMap$2.run(ThreadExecutorMap.java:74)
	at io.netty.util.concurrent.FastThreadLocalRunnable.run(FastThreadLocalRunnable.java:30)
	at java.base/java.lang.Thread.run(Thread.java:829)
17:42:54.329 [AsyncHttpClient-1-2] DEBUG org.asynchttpclient.netty.channel.ChannelManager - Closing Channel [id: 0x89687221, L:/127.0.0.1:57512 - R:localhost/127.0.0.1:61324] 
17:42:54.329 [AsyncHttpClient-1-2] DEBUG org.asynchttpclient.netty.handler.HttpHandler - Channel Closed: [id: 0x89687221, L:/127.0.0.1:57512 ! R:localhost/127.0.0.1:61324] with attribute DISCARD
17:42:54.389 [Test worker] INFO  - 
  _____   ___   ___   _____     ___     _     ___   ___   ___   ___  
 |_   _| | __| / __| |_   _|   | _ \   /_\   / __| / __| | __| |   \ 
   | |   | _|  \__ \   | |     |  _/  / _ \  \__ \ \__ \ | _|  | |) |
   |_|   |___| |___/   |_|     |_|   /_/ \_\ |___/ |___/ |___| |___/ 

Validar que se pueda realizar la compra de un producto en especifico
----------------------------------------------------------------------
17:42:54.406 [Test worker] DEBUG net.thucydides.core.reports.ReportService - Reporting formats: [JSON, HTML]
17:42:54.784 [Test worker] DEBUG net.thucydides.core.reports.ReportService - Reporting formats: [JSON, HTML]
17:42:54.802 [Test worker] DEBUG net.thucydides.core.reports.ReportService - Generating reports for 1 test outcomes using: net.thucydides.core.reports.json.JSONTestOutcomeReporter@48021127
17:42:54.805 [pool-1-thread-1] DEBUG net.thucydides.core.reports.ReportService - Processing test outcome Validar funcionalidades de DemoBlaze:Validar que se pueda realizar la compra de un producto en especifico
17:42:54.805 [pool-1-thread-1] DEBUG net.thucydides.core.reports.ReportService - net.thucydides.core.reports.json.JSONTestOutcomeReporter@48021127: Generating report for test outcome: Validar funcionalidades de DemoBlaze:Validar que se pueda realizar la compra de un producto en especifico
17:42:54.820 [pool-1-thread-1] DEBUG net.thucydides.core.reports.json.JSONTestOutcomeReporter - Generating JSON report for Validar que se pueda realizar la compra de un producto en especifico to file D:\Users\Usuario\Documents\Accenture\AutomatizacionAccenturePrueba\target\site\serenity\5edd3e959669ed9c43c820644bbcd8f709f6940d539d859c5cb20b54401ebcda.json (using temp file D:\Users\Usuario\Documents\Accenture\AutomatizacionAccenturePrueba\target\site\serenity\5edd3e959669ed9c43c820644bbcd8f709f6940d539d859c5cb20b54401ebcda.json5dbee3b4-8a25-403a-887d-43b88f1a760d)
17:42:54.956 [pool-1-thread-1] DEBUG net.thucydides.core.reports.ReportService - Processing test outcome Validar funcionalidades de DemoBlaze:Validar que se pueda realizar la compra de un producto en especifico done
17:42:54.959 [Test worker] DEBUG net.thucydides.core.reports.ReportService - Shutting down executor service
17:42:54.959 [Test worker] DEBUG net.thucydides.core.reports.ReportService - Reports generated in: 157 ms
17:42:54.959 [Test worker] DEBUG net.thucydides.core.reports.ReportService - Generating reports for 1 test outcomes using: net.thucydides.core.reports.html.HtmlAcceptanceTestReporter@7aeac055
17:42:54.963 [pool-2-thread-1] DEBUG net.thucydides.core.reports.ReportService - Processing test outcome Validar funcionalidades de DemoBlaze:Validar que se pueda realizar la compra de un producto en especifico
17:42:54.963 [pool-2-thread-1] DEBUG net.thucydides.core.reports.ReportService - net.thucydides.core.reports.html.HtmlAcceptanceTestReporter@7aeac055: Generating report for test outcome: Validar funcionalidades de DemoBlaze:Validar que se pueda realizar la compra de un producto en especifico
17:42:55.004 [pool-2-thread-1] DEBUG net.thucydides.core.requirements.PackageRequirementsTagProvider - Loading requirements from package requirements at: co.com.reliquias.software.runners
17:42:55.339 [AsyncHttpClient-1-1] DEBUG org.asynchttpclient.netty.channel.DefaultChannelPool - Entry count for : http://localhost:61324 : 1
17:42:55.340 [AsyncHttpClient-1-1] DEBUG org.asynchttpclient.netty.channel.DefaultChannelPool - Adding Candidate expired Channel [id: 0x89687221, L:/127.0.0.1:57512 ! R:localhost/127.0.0.1:61324] isIdleTimeoutExpired=false isRemotelyClosed=true isTtlExpired=false
17:42:55.340 [AsyncHttpClient-1-1] DEBUG org.asynchttpclient.netty.channel.DefaultChannelPool - Closing Idle Channel [id: 0x89687221, L:/127.0.0.1:57512 ! R:localhost/127.0.0.1:61324]
17:42:55.341 [AsyncHttpClient-1-1] DEBUG org.asynchttpclient.netty.channel.DefaultChannelPool - Closed 1 connections out of 1 in 1 ms
17:43:13.243 [pool-2-thread-1] DEBUG net.thucydides.core.reports.ReportService - Processing test outcome Validar funcionalidades de DemoBlaze:Validar que se pueda realizar la compra de un producto en especifico done
17:43:13.244 [Test worker] DEBUG net.thucydides.core.reports.ReportService - Shutting down executor service
17:43:13.244 [Test worker] DEBUG net.thucydides.core.reports.ReportService - Reports generated in: 18285 ms
17:43:13.369 [Test worker] DEBUG net.serenitybdd.core.photography.Darkroom - Closing darkroom
17:43:13.373 [Darkroom Processing Line] DEBUG net.serenitybdd.core.photography.DarkroomProcessingLine - Darkroom processing line shutting down
17:43:13.395 [Test worker] DEBUG net.serenitybdd.core.photography.Darkroom - Closing darkroom
]]></system-out>
  <system-err><![CDATA[?[32m?[1m??????????????????????????????????????????????????????????????????????????????????????[0m
?[32m?[1m??[0m Share your Cucumber Report with your team at ?[36m?[1m?[4mhttps://reports.cucumber.io?[0m          ?[32m?[1m??[0m
?[32m?[1m??[0m Activate publishing with one of the following:                                    ?[32m?[1m??[0m
?[32m?[1m??[0m                                                                                   ?[32m?[1m??[0m
?[32m?[1m??[0m src/test/resources/cucumber.properties:          ?[36mcucumber.publish.enabled?[0m=?[36mtrue?[0m    ?[32m?[1m??[0m
?[32m?[1m??[0m src/test/resources/junit-platform.properties:    ?[36mcucumber.publish.enabled?[0m=?[36mtrue?[0m    ?[32m?[1m??[0m
?[32m?[1m??[0m Environment variable:                            ?[36mCUCUMBER_PUBLISH_ENABLED?[0m=?[36mtrue?[0m    ?[32m?[1m??[0m
?[32m?[1m??[0m JUnit:                                           ?[36m@CucumberOptions?[0m(publish = ?[36mtrue?[0m) ?[32m?[1m??[0m
?[32m?[1m??[0m                                                                                   ?[32m?[1m??[0m
?[32m?[1m??[0m More information at ?[36mhttps://cucumber.io/docs/cucumber/environment-variables/?[0m      ?[32m?[1m??[0m
?[32m?[1m??[0m                                                                                   ?[32m?[1m??[0m
?[32m?[1m??[0m Disable this message with one of the following:                                   ?[32m?[1m??[0m
?[32m?[1m??[0m                                                                                   ?[32m?[1m??[0m
?[32m?[1m??[0m src/test/resources/cucumber.properties:          ?[36mcucumber.publish.quiet?[0m=?[36mtrue?[0m      ?[32m?[1m??[0m
?[32m?[1m??[0m src/test/resources/junit-platform.properties:    ?[36mcucumber.publish.quiet?[0m=?[36mtrue?[0m      ?[32m?[1m??[0m
?[32m?[1m??????????????????????????????????????????????????????????????????????????????????????[0m
]]></system-err>
</testsuite>
